# Server version 0.08 running on mbp-giorgia-9:8123
# Game ID: 740
# Board class: pentago_swap.PentagoBoard
# Timeout: 2000
# First Move Timeout: 30000
# Date: Mon Apr 08 22:20:04 EDT 2019
# Player 1: Player-0, '260721870', running on mbp-giorgia-9
# Player 2: Player-1, 'Human', running on mbp-giorgia-9
START Player-0 260721870
START Player-1 Human
1 1 TL BL 0
1 1 TL BR 1
1 4 TR BR 0
1 1 TL BL 1
0 2 TL BL 0
1 2 TL BR 1
5 4 TR BR 0
1 3 TR TL 1
0 3 TL BR 0
1 2 TL BL 1
GAMEOVER WINNER 1
# Game ended: Mon Apr 08 22:20:18 EDT 2019
