# Server version 0.08 running on mbp-giorgia-9:8123
# Game ID: 634
# Board class: pentago_swap.PentagoBoard
# Timeout: 2000
# First Move Timeout: 30000
# Date: Mon Apr 08 18:08:39 EDT 2019
# Player 1: Player-0, 'RandomPlayer', running on mbp-giorgia-9
# Player 2: Player-1, '260721870', running on mbp-giorgia-9
START Player-0 RandomPlayer
START Player-1 260721870
4 1 TR BL 0
1 1 TL BL 1
2 5 TL BL 0
4 1 TR BR 1
1 0 BL BR 0
2 0 TR BL 1
0 3 TL TR 0
5 5 TR BL 1
0 4 TL BR 0
1 5 TL BR 1
2 1 TR BR 0
5 4 BL BR 1
2 0 TL BL 0
0 0 TR BR 1
1 1 TL TR 0
3 3 TL BL 1
4 3 BL BR 0
3 3 TL BL 1
GAMEOVER WINNER 1
# Game ended: Mon Apr 08 18:08:39 EDT 2019
