# Server version 0.08 running on 192.168.2.60:8123
# Game ID: 426
# Board class: pentago_swap.PentagoBoard
# Timeout: 2000
# First Move Timeout: 30000
# Date: Mon Apr 08 00:46:06 EDT 2019
# Player 1: Player-0, '260721870', running on 192.168.2.60
# Player 2: Player-1, 'RandomPlayer', running on 192.168.2.60
START Player-0 260721870
START Player-1 RandomPlayer
1 1 TL BL 0
0 1 TR BR 1
4 4 TR BR 0
3 2 TL TR 1
4 4 BL BR 0
1 5 BL BR 1
4 5 TR BR 0
3 3 TL BL 1
3 5 TL BR 0
5 4 BL BR 1
4 5 TR BL 0
3 3 TL TR 1
4 0 BL BR 0
GAMEOVER WINNER 0
# Game ended: Mon Apr 08 00:46:07 EDT 2019
