# Server version 0.08 running on 142.157.58.209:8123
# Game ID: 23
# Board class: pentago_swap.PentagoBoard
# Timeout: 2000
# First Move Timeout: 30000
# Date: Sat Apr 06 15:49:50 EDT 2019
# Player 1: Player-0, 'Human', running on 142.157.58.209
# Player 2: Player-1, 'RandomPlayer', running on 142.157.58.209
START Player-0 Human
START Player-1 RandomPlayer
1 1 TR BR 0
0 1 TR BR 1
4 4 BR BL 0
3 2 TL TR 1
1 1 TL TR 0
2 0 BL BR 1
4 1 BL BR 0
3 4 TL BL 1
GAMEOVER USER CANCEL UNDECIDED
# Game ended: Sat Apr 06 15:52:11 EDT 2019
