# Server version 0.08 running on mbp-giorgia-9:8123
# Game ID: 780
# Board class: pentago_swap.PentagoBoard
# Timeout: 2000
# First Move Timeout: 30000
# Date: Mon Apr 08 23:07:58 EDT 2019
# Player 1: Player-0, '260721870', running on localhost
# Player 2: Player-1, 'RandomPlayer', running on localhost
START Player-0 260721870
START Player-1 RandomPlayer
1 1 TL BL 0
4 0 BL BR 1
4 1 TR BR 0
2 0 TL TR 1
2 1 BL BR 0
2 0 TL BR 1
0 4 TL BR 0
5 0 TL BL 1
1 1 TR BL 0
3 3 BL BR 1
0 2 BL BR 0
0 3 TR BR 1
3 2 TL BL 0
5 2 TL BR 1
1 3 TL BR 0
5 1 TR BL 1
4 5 BL BR 0
1 0 BL BR 1
1 5 TR BR 0
0 5 BL BR 1
4 0 TL TR 0
GAMEOVER WINNER 0
# Game ended: Mon Apr 08 23:07:58 EDT 2019
