# Server version 0.08 running on mbp-giorgia-9:8123
# Game ID: 1088
# Board class: pentago_swap.PentagoBoard
# Timeout: 2000
# First Move Timeout: 30000
# Date: Tue Apr 09 10:42:18 EDT 2019
# Player 1: Player-0, 'RandomPlayer', running on mbp-giorgia-9
# Player 2: Player-1, '260721870', running on mbp-giorgia-9
START Player-0 RandomPlayer
START Player-1 260721870
5 1 TL BR 0
1 1 TL BL 1
1 1 TL BR 0
1 4 TR BR 1
1 0 TL BR 0
1 3 TL TR 1
1 5 TL BL 0
2 2 TL BR 1
0 5 TR BR 0
2 1 BL BR 1
5 2 TL BL 0
0 0 TL BL 1
1 3 BL BR 0
0 3 TL TR 1
GAMEOVER WINNER 1
# Game ended: Tue Apr 09 10:42:18 EDT 2019
