# Server version 0.08 running on 142.157.59.57:8123
# Game ID: 9
# Board class: pentago_swap.PentagoBoard
# Timeout: 2000
# First Move Timeout: 30000
# Date: Mon Apr 01 13:29:22 EDT 2019
# Player 1: Player-0, 'RandomPlayer', running on 142.157.59.57
# Player 2: Player-1, 'Human', running on 142.157.59.57
START Player-0 RandomPlayer
START Player-1 Human
5 2 TR BR 0
2 4 TL BR 1
0 3 TL TR 0
2 0 BL TR 1
4 1 BL BR 0
5 3 BR BL 1
1 5 TL BL 0
5 2 BL TR 1
5 3 BL BR 0
2 1 TR TL 1
GAMEOVER WINNER 1
# Game ended: Mon Apr 01 13:29:54 EDT 2019
