# Server version 0.08 running on mbp-giorgia-9:8123
# Game ID: 1158
# Board class: pentago_swap.PentagoBoard
# Timeout: 2000
# First Move Timeout: 30000
# Date: Wed Apr 10 10:38:42 EDT 2019
# Player 1: Player-0, '260721870', running on mbp-giorgia-9
# Player 2: Player-1, 'Human', running on mbp-giorgia-9
START Player-0 260721870
START Player-1 Human
1 1 TL BL 0
1 1 TL BR 1
1 4 TR BR 0
1 1 TL TR 1
3 0 TL BL 0
2 2 TL TR 1
3 3 TL TR 0
5 5 BL TR 1
0 1 TL TR 0
5 1 TL BL 1
0 1 TL BR 0
5 1 TR TL 1
0 2 TL TR 0
3 1 BR TL 1
GAMEOVER WINNER 1
# Game ended: Wed Apr 10 10:39:19 EDT 2019
