# Server version 0.08 running on mbp-giorgia-9:8123
# Game ID: 1167
# Board class: pentago_swap.PentagoBoard
# Timeout: 2000
# First Move Timeout: 30000
# Date: Wed Apr 10 10:44:08 EDT 2019
# Player 1: Player-0, 'RandomPlayer', running on mbp-giorgia-9
# Player 2: Player-1, '260721870', running on mbp-giorgia-9
START Player-0 RandomPlayer
START Player-1 260721870
4 3 TR BL 0
1 1 TL BL 1
4 5 TR BR 0
4 4 TR BR 1
1 3 TL TR 0
0 0 BL BR 1
5 5 TR BR 0
0 3 TR BR 1
2 5 TL BR 0
5 5 TL BR 1
GAMEOVER WINNER 1
# Game ended: Wed Apr 10 10:44:08 EDT 2019
