# Server version 0.08 running on mbp-giorgia-9:8123
# Game ID: 1166
# Board class: pentago_swap.PentagoBoard
# Timeout: 2000
# First Move Timeout: 30000
# Date: Wed Apr 10 10:43:41 EDT 2019
# Player 1: Player-0, '260721870', running on mbp-giorgia-9
# Player 2: Player-1, 'Human', running on mbp-giorgia-9
START Player-0 260721870
START Player-1 Human
1 1 TL BL 0
1 1 TL BL 1
4 4 TR BR 0
4 4 BR TL 1
0 3 TL TR 0
2 2 TR BL 1
3 3 TL BR 0
2 2 BL TR 1
0 1 TL TR 0
3 1 BR TR 1
0 4 TL BL 0
5 4 BR TR 1
0 5 TR BL 0
GAMEOVER WINNER 0
# Game ended: Wed Apr 10 10:44:02 EDT 2019
