# Server version 0.08 running on mbp-giorgia-9:8123
# Game ID: 904
# Board class: pentago_swap.PentagoBoard
# Timeout: 2000
# First Move Timeout: 30000
# Date: Tue Apr 09 00:57:02 EDT 2019
# Player 1: Player-0, 'RandomPlayer', running on localhost
# Player 2: Player-1, '260721870', running on localhost
START Player-0 RandomPlayer
START Player-1 260721870
3 4 TL TR 0
1 1 TL BL 1
4 5 TR BL 0
4 1 TR BR 1
0 2 TL BR 0
0 0 BL BR 1
0 5 TR BR 0
0 3 TR BR 1
2 5 BL BR 0
2 2 BL BR 1
GAMEOVER WINNER 1
# Game ended: Tue Apr 09 00:57:02 EDT 2019
