# Server version 0.08 running on mbp-giorgia-9:8123
# Game ID: 748
# Board class: pentago_swap.PentagoBoard
# Timeout: 2000
# First Move Timeout: 30000
# Date: Mon Apr 08 22:32:03 EDT 2019
# Player 1: Player-0, 'RandomPlayer', running on localhost
# Player 2: Player-1, '260721870', running on localhost
START Player-0 RandomPlayer
START Player-1 260721870
4 5 BL BR 0
1 1 TL BL 1
4 5 TR BR 0
4 4 TR BR 1
3 5 BL BR 0
5 4 TR BR 1
0 1 TR BL 0
3 4 TL BR 1
0 0 TL BR 0
3 1 TR BL 1
GAMEOVER WINNER 1
# Game ended: Mon Apr 08 22:32:03 EDT 2019
