# Server version 0.08 running on mbp-giorgia-9:8123
# Game ID: 1145
# Board class: pentago_swap.PentagoBoard
# Timeout: 2000
# First Move Timeout: 30000
# Date: Tue Apr 09 10:50:28 EDT 2019
# Player 1: Player-0, 'RandomPlayer', running on mbp-giorgia-9
# Player 2: Player-1, '260721870', running on mbp-giorgia-9
START Player-0 RandomPlayer
START Player-1 260721870
2 3 TR BR 0
1 1 TL BL 1
0 5 BL BR 0
4 1 TR BR 1
5 2 TL TR 0
0 0 BL BR 1
2 0 TR BR 0
2 2 BL BR 1
5 0 BL BR 0
0 3 TR BR 1
GAMEOVER WINNER 1
# Game ended: Tue Apr 09 10:50:28 EDT 2019
