# Server version 0.08 running on 142.157.58.209:8123
# Game ID: 619
# Board class: pentago_swap.PentagoBoard
# Timeout: 2000
# First Move Timeout: 30000
# Date: Mon Apr 08 17:35:04 EDT 2019
# Player 1: Player-0, 'RandomPlayer', running on 142.157.58.209
# Player 2: Player-1, '260721870', running on 142.157.58.209
START Player-0 RandomPlayer
START Player-1 260721870
0 4 BL BR 0
1 1 TL BL 1
2 3 TL TR 0
4 4 TR BR 1
0 0 TL TR 0
0 0 TL BL 1
1 3 TL TR 0
5 0 TR BR 1
5 4 TR BR 0
0 4 TL BL 1
0 2 TR BL 0
3 2 TL TR 1
4 3 TL BR 0
1 3 TL BL 1
4 5 BL BR 0
4 5 BL BR 1
2 4 TL BR 0
0 2 TL BL 1
4 3 BL BR 0
4 2 TR BR 1
5 0 TL BL 0
3 4 TL BR 1
2 4 BL BR 0
5 5 BL BR 1
4 1 TR BR 0
GAMEOVER WINNER 0
# Game ended: Mon Apr 08 17:35:04 EDT 2019
