# Server version 0.08 running on mbp-giorgia-9:8123
# Game ID: 734
# Board class: pentago_swap.PentagoBoard
# Timeout: 2000
# First Move Timeout: 30000
# Date: Mon Apr 08 21:59:56 EDT 2019
# Player 1: Player-0, '260721870', running on mbp-giorgia-9
# Player 2: Player-1, 'RandomPlayer', running on mbp-giorgia-9
START Player-0 260721870
START Player-1 RandomPlayer
1 1 TL BL 0
1 1 BL BR 1
4 1 TR BR 0
0 3 TR BL 1
5 5 BL BR 0
0 4 TL BL 1
5 5 BL BR 0
3 3 BL BR 1
5 4 BL BR 0
4 2 TR BL 1
5 5 BL BR 0
1 2 TL BR 1
5 4 BL BR 0
2 3 BL BR 1
5 3 TR BL 0
GAMEOVER WINNER 0
# Game ended: Mon Apr 08 21:59:56 EDT 2019
