# Server version 0.08 running on mbp-giorgia-9:8123
# Game ID: 20
# Board class: pentago_swap.PentagoBoard
# Timeout: 2000
# First Move Timeout: 30000
# Date: Sat Apr 06 10:56:19 EDT 2019
# Player 1: Player-0, 'Human', running on mbp-giorgia-9
# Player 2: Player-1, '260721870', running on mbp-giorgia-9
START Player-0 Human
START Player-1 260721870
1 1 TL TR 0
0 1 TR BR 1
4 1 BL TL 0
4 2 BL TL 1
4 2 BL BR 0
0 0 TL BL 1
4 3 BR TR 0
2 0 BL TL 1
4 2 BL TL 0
GAMEOVER WINNER 0
# Game ended: Sat Apr 06 10:56:40 EDT 2019
