# Server version 0.08 running on 142.157.58.209:8123
# Game ID: 572
# Board class: pentago_swap.PentagoBoard
# Timeout: 2000
# First Move Timeout: 30000
# Date: Mon Apr 08 13:40:37 EDT 2019
# Player 1: Player-0, '260721870', running on localhost
# Player 2: Player-1, 'RandomPlayer', running on localhost
START Player-0 260721870
START Player-1 RandomPlayer
1 1 TL BL 0
0 1 TR BR 1
4 4 TR BR 0
3 2 TL TR 1
4 5 TL BL 0
2 0 BL BR 1
5 4 TR BL 0
3 4 TL BL 1
3 0 TL TR 0
5 3 BL BR 1
4 2 TL BR 0
3 2 TL TR 1
5 4 TR BR 0
GAMEOVER WINNER 0
# Game ended: Mon Apr 08 13:40:45 EDT 2019
