# Server version 0.08 running on 142.157.58.209:8123
# Game ID: 567
# Board class: pentago_swap.PentagoBoard
# Timeout: 2000
# First Move Timeout: 30000
# Date: Mon Apr 08 13:30:31 EDT 2019
# Player 1: Player-0, '260721870', running on localhost
# Player 2: Player-1, 'RandomPlayer', running on localhost
START Player-0 260721870
START Player-1 RandomPlayer
1 1 TL BL 0
0 1 TR BR 1
4 4 TR BR 0
3 2 TL TR 1
1 4 TL TR 0
2 0 BL BR 1
5 2 TL BR 0
3 2 TL BL 1
2 0 TR BL 0
5 4 BL BR 1
3 4 TL BR 0
3 0 TL TR 1
1 2 TL BL 0
1 2 BL BR 1
1 3 TL BR 0
4 3 TR BR 1
1 0 TL BL 0
GAMEOVER WINNER 0
# Game ended: Mon Apr 08 13:30:42 EDT 2019
