# Server version 0.08 running on mbp-giorgia-9:8123
# Game ID: 1072
# Board class: pentago_swap.PentagoBoard
# Timeout: 2000
# First Move Timeout: 30000
# Date: Tue Apr 09 10:01:07 EDT 2019
# Player 1: Player-0, '260721870', running on mbp-giorgia-9
# Player 2: Player-1, 'RandomPlayer', running on mbp-giorgia-9
START Player-0 260721870
START Player-1 RandomPlayer
1 1 TL BL 0
5 4 TR BL 1
4 1 TR BR 0
3 5 BL BR 1
3 0 TL BL 0
4 5 TR BL 1
2 2 TL BR 0
2 5 TL BR 1
3 3 TR BL 0
GAMEOVER WINNER 0
# Game ended: Tue Apr 09 10:01:07 EDT 2019
