# Server version 0.08 running on mbp-giorgia-9:8123
# Game ID: 853
# Board class: pentago_swap.PentagoBoard
# Timeout: 2000
# First Move Timeout: 30000
# Date: Tue Apr 09 00:54:00 EDT 2019
# Player 1: Player-0, '260721870', running on localhost
# Player 2: Player-1, 'RandomPlayer', running on localhost
START Player-0 260721870
START Player-1 RandomPlayer
1 1 TL BL 0
4 0 TR BR 1
4 4 TR BR 0
1 5 TR BL 1
0 4 TL TR 0
0 3 TR BL 1
0 4 TL BR 0
2 0 TL BL 1
2 4 TL BL 0
GAMEOVER WINNER 0
# Game ended: Tue Apr 09 00:54:00 EDT 2019
