# Server version 0.08 running on mbp-giorgia-9:8123
# Game ID: 655
# Board class: pentago_swap.PentagoBoard
# Timeout: 2000
# First Move Timeout: 30000
# Date: Mon Apr 08 19:02:35 EDT 2019
# Player 1: Player-0, '260721870', running on mbp-giorgia-9
# Player 2: Player-1, 'RandomPlayer', running on mbp-giorgia-9
START Player-0 260721870
START Player-1 RandomPlayer
0 3 TR BR 0
0 0 BL BR 1
1 5 TL TR 0
5 4 TL BR 1
4 1 TL TR 0
3 4 TL BL 1
0 3 TL TR 0
2 5 BL BR 1
4 3 TL BR 0
0 4 TL BR 1
4 4 TL BL 0
1 3 TR BR 1
2 0 TL BL 0
5 3 BL BR 1
3 3 TL BL 0
1 5 TL BL 1
2 4 TL TR 0
4 2 TR BL 1
4 0 TL TR 0
3 5 BL BR 1
4 0 TR BL 0
GAMEOVER WINNER 0
# Game ended: Mon Apr 08 19:02:35 EDT 2019
