# Server version 0.08 running on mbp-giorgia-9:8123
# Game ID: 824
# Board class: pentago_swap.PentagoBoard
# Timeout: 2000
# First Move Timeout: 30000
# Date: Tue Apr 09 00:29:08 EDT 2019
# Player 1: Player-0, '260721870', running on mbp-giorgia-9
# Player 2: Player-1, 'Human', running on mbp-giorgia-9
START Player-0 260721870
START Player-1 Human
1 1 TL BL 0
1 1 TL BR 1
1 4 TR BR 0
4 3 BR TL 1
0 0 BL BR 0
2 2 TL BL 1
3 3 TL BL 0
5 5 BR TR 1
0 1 TR BR 0
2 1 TL BL 1
0 1 TL BL 0
4 1 BL BR 1
5 4 BL BR 0
2 0 TL BL 1
0 0 TL BL 0
2 3 TR TL 1
3 2 TL BL 0
GAMEOVER WINNER 0
# Game ended: Tue Apr 09 00:29:37 EDT 2019
