# Server version 0.08 running on mbp-giorgia-9:8123
# Game ID: 733
# Board class: pentago_swap.PentagoBoard
# Timeout: 2000
# First Move Timeout: 30000
# Date: Mon Apr 08 21:59:37 EDT 2019
# Player 1: Player-0, 'RandomPlayer', running on mbp-giorgia-9
# Player 2: Player-1, '260721870', running on mbp-giorgia-9
START Player-0 RandomPlayer
START Player-1 260721870
2 4 TL BR 0
1 1 TL BL 1
1 1 BL BR 0
4 1 TR BR 1
0 4 BL BR 0
5 5 BL BR 1
1 0 TL BL 0
5 5 BL BR 1
4 5 BL BR 0
5 3 BL BR 1
2 3 TR BR 0
5 5 BL BR 1
0 3 TL TR 0
5 1 BL BR 1
2 4 BL BR 0
4 5 BL BR 1
2 2 TL BL 0
3 3 TL TR 1
GAMEOVER WINNER 1
# Game ended: Mon Apr 08 21:59:37 EDT 2019
