# Server version 0.08 running on mbp-giorgia-9:8123
# Game ID: 1091
# Board class: pentago_swap.PentagoBoard
# Timeout: 2000
# First Move Timeout: 30000
# Date: Tue Apr 09 10:44:10 EDT 2019
# Player 1: Player-0, '260721870', running on mbp-giorgia-9
# Player 2: Player-1, 'Human', running on mbp-giorgia-9
START Player-0 260721870
START Player-1 Human
1 1 TL BL 0
1 3 TR BR 1
4 4 TR BR 0
1 1 TL BR 1
0 4 TL TR 0
3 1 BL BR 1
2 1 TL TR 0
5 4 BR TL 1
0 0 TR BR 0
2 2 TL BR 1
1 2 TL BL 0
5 3 BR TR 1
0 5 TR BR 0
2 2 TL TR 1
0 4 TL TR 0
2 1 TL BL 1
GAMEOVER WINNER 1
# Game ended: Tue Apr 09 10:44:43 EDT 2019
