# Server version 0.08 running on 142.157.58.209:8123
# Game ID: 180
# Board class: pentago_swap.PentagoBoard
# Timeout: 2000
# First Move Timeout: 30000
# Date: Sun Apr 07 17:26:19 EDT 2019
# Player 1: Player-0, '260721870', running on 142.157.58.209
# Player 2: Player-1, 'Human', running on 142.157.58.209
START Player-0 260721870
START Player-1 Human
1 1 TL BL 0
1 1 TL BR 1
1 4 TR BR 0
1 3 TR TL 1
5 3 BL BR 0
1 2 TL TR 1
3 3 TR BR 0
1 2 TL BL 1
1 0 TL TR 0
4 1 BL TL 1
5 2 TR BR 0
GAMEOVER WINNER 1
# Game ended: Sun Apr 07 17:26:32 EDT 2019
