# Server version 0.08 running on mbp-giorgia-9:8123
# Game ID: 1080
# Board class: pentago_swap.PentagoBoard
# Timeout: 2000
# First Move Timeout: 30000
# Date: Tue Apr 09 10:06:42 EDT 2019
# Player 1: Player-0, 'Human', running on mbp-giorgia-9
# Player 2: Player-1, '260721870', running on mbp-giorgia-9
START Player-0 Human
START Player-1 260721870
1 4 TR BL 0
1 1 TL BL 1
1 4 TR BR 0
1 4 TR BR 1
1 3 TR BL 0
0 3 TL TR 1
4 2 BL TL 0
3 3 TL BL 1
1 3 TR BR 0
GAMEOVER WINNER 0
# Game ended: Tue Apr 09 10:06:56 EDT 2019
