# Server version 0.08 running on 142.157.59.57:8123
# Game ID: 3
# Board class: pentago_swap.PentagoBoard
# Timeout: 2000
# First Move Timeout: 30000
# Date: Fri Mar 29 18:15:13 EDT 2019
# Player 1: Player-0, 'Human', running on 142.157.59.57
# Player 2: Player-1, 'RandomPlayer', running on 142.157.59.57
START Player-0 Human
START Player-1 RandomPlayer
0 0 BL TL 0
0 1 TR BR 1
3 1 BR TR 0
3 3 TL TR 1
3 2 TR BL 0
2 0 BL BR 1
0 2 TL TR 0
4 0 TL BL 1
0 4 BL TR 0
5 4 BL BR 1
3 3 BR TL 0
GAMEOVER WINNER 0
# Game ended: Fri Mar 29 18:16:06 EDT 2019
