# Server version 0.08 running on mbp-giorgia-9:8123
# Game ID: 471
# Board class: pentago_swap.PentagoBoard
# Timeout: 2000
# First Move Timeout: 30000
# Date: Mon Apr 08 10:28:12 EDT 2019
# Player 1: Player-0, '260721870', running on localhost
# Player 2: Player-1, 'RandomPlayer', running on localhost
START Player-0 260721870
START Player-1 RandomPlayer
1 1 TL BL 0
0 1 TR BR 1
4 4 TR BR 0
3 2 TL TR 1
3 1 TL TR 0
1 5 BL BR 1
5 1 TR BL 0
3 1 TL BL 1
4 0 TL BL 0
5 4 BL BR 1
0 4 TL TR 0
3 0 TL TR 1
1 4 TL TR 0
GAMEOVER WINNER 0
# Game ended: Mon Apr 08 10:28:20 EDT 2019
