# Server version 0.08 running on mbp-giorgia-9:8123
# Game ID: 649
# Board class: pentago_swap.PentagoBoard
# Timeout: 2000
# First Move Timeout: 30000
# Date: Mon Apr 08 18:46:56 EDT 2019
# Player 1: Player-0, '260721870', running on mbp-giorgia-9
# Player 2: Player-1, 'RandomPlayer', running on mbp-giorgia-9
START Player-0 260721870
START Player-1 RandomPlayer
1 1 TL BL 0
3 2 TR BR 1
4 4 TR BR 0
4 5 TL BR 1
2 1 TL BL 0
3 2 TR BR 1
0 4 TR BR 0
0 5 BL BR 1
0 0 TL BL 0
5 3 TR BR 1
0 3 TL BL 0
1 4 TR BL 1
2 3 TR BR 0
1 2 TL BR 1
5 5 TL BL 0
5 4 TR BL 1
5 2 TL BL 0
GAMEOVER WINNER 0
# Game ended: Mon Apr 08 18:46:56 EDT 2019
