# Server version 0.08 running on mbp-giorgia-9:8123
# Game ID: 1111
# Board class: pentago_swap.PentagoBoard
# Timeout: 2000
# First Move Timeout: 30000
# Date: Tue Apr 09 10:46:49 EDT 2019
# Player 1: Player-0, 'RandomPlayer', running on localhost
# Player 2: Player-1, '260721870', running on localhost
START Player-0 RandomPlayer
START Player-1 260721870
2 4 TL BL 0
1 1 TL BL 1
4 5 TR BL 0
4 1 TR BR 1
4 5 TL TR 0
1 5 TL BL 1
4 3 TL BL 0
1 0 TL BL 1
1 0 BL BR 0
3 5 BL BR 1
5 2 TR BL 0
1 4 TR BL 1
2 3 BL BR 0
5 1 BL BR 1
2 2 TR BR 0
2 0 TR BR 1
0 5 TR BR 0
0 2 TL TR 1
GAMEOVER WINNER 1
# Game ended: Tue Apr 09 10:46:50 EDT 2019
