# Server version 0.08 running on mbp-giorgia-9:8123
# Game ID: 1001
# Board class: pentago_swap.PentagoBoard
# Timeout: 2000
# First Move Timeout: 30000
# Date: Tue Apr 09 09:31:29 EDT 2019
# Player 1: Player-0, '260721870', running on localhost
# Player 2: Player-1, 'RandomPlayer', running on localhost
START Player-0 260721870
START Player-1 RandomPlayer
1 1 TL BL 0
4 5 BL BR 1
4 1 TR BR 0
0 0 TR BR 1
3 0 TL BL 0
5 1 TR BR 1
0 3 TR BR 0
0 5 TL TR 1
2 5 TL TR 0
GAMEOVER WINNER 0
# Game ended: Tue Apr 09 09:31:29 EDT 2019
