# Server version 0.08 running on mbp-giorgia-9:8123
# Game ID: 722
# Board class: pentago_swap.PentagoBoard
# Timeout: 2000
# First Move Timeout: 30000
# Date: Mon Apr 08 21:45:19 EDT 2019
# Player 1: Player-0, 'Human', running on mbp-giorgia-9
# Player 2: Player-1, '260721870', running on mbp-giorgia-9
START Player-0 Human
START Player-1 260721870
1 1 TL TR 0
1 1 TL BL 1
2 3 TR BL 0
4 4 TR BR 1
3 2 BL TR 0
5 5 BL BR 1
1 1 TL BR 0
5 5 BL BR 1
3 2 TL BR 0
GAMEOVER WINNER 0
# Game ended: Mon Apr 08 21:45:30 EDT 2019
