# Server version 0.08 running on mbp-giorgia-9:8123
# Game ID: 711
# Board class: pentago_swap.PentagoBoard
# Timeout: 2000
# First Move Timeout: 30000
# Date: Mon Apr 08 21:26:43 EDT 2019
# Player 1: Player-0, '260721870', running on localhost
# Player 2: Player-1, 'RandomPlayer', running on localhost
START Player-0 260721870
START Player-1 RandomPlayer
1 1 TL BL 0
0 2 TL TR 1
4 4 TR BR 0
0 5 BL BR 1
3 3 TR BR 0
4 0 TR BL 1
0 2 TL BR 0
4 3 TR BR 1
5 5 TR BR 0
1 5 BL BR 1
5 1 TL TR 0
0 3 BL BR 1
4 4 TL TR 0
2 3 BL BR 1
5 0 TR BR 0
2 5 TL BL 1
2 3 TL BL 0
GAMEOVER WINNER 0
# Game ended: Mon Apr 08 21:26:43 EDT 2019
