# Server version 0.08 running on 142.157.58.209:8123
# Game ID: 24
# Board class: pentago_swap.PentagoBoard
# Timeout: 2000
# First Move Timeout: 30000
# Date: Sat Apr 06 15:52:23 EDT 2019
# Player 1: Player-0, 'Human', running on 142.157.58.209
# Player 2: Player-1, 'RandomPlayer', running on 142.157.58.209
START Player-0 Human
START Player-1 RandomPlayer
1 1 TL BR 0
0 1 TR BR 1
4 4 BR BL 0
3 2 TL TR 1
0 1 TL BR 0
1 4 BL BR 1
5 4 TL BR 0
3 5 TL BL 1
3 1 BL TL 0
GAMEOVER WINNER 0
# Game ended: Sat Apr 06 16:23:25 EDT 2019
