# Server version 0.08 running on 142.157.58.209:8123
# Game ID: 620
# Board class: pentago_swap.PentagoBoard
# Timeout: 2000
# First Move Timeout: 30000
# Date: Mon Apr 08 17:39:06 EDT 2019
# Player 1: Player-0, '260721870', running on 142.157.58.209
# Player 2: Player-1, 'Human', running on 142.157.58.209
START Player-0 260721870
START Player-1 Human
1 1 TL BL 0
1 1 TL BR 1
1 4 TR BR 0
1 3 TR TL 1
1 4 TL BL 0
4 2 BL TL 1
4 5 BL BR 0
0 2 TL BR 1
3 3 TL BR 0
1 3 TR BR 1
3 1 TL TR 0
2 3 TR BR 1
2 3 TL BL 0
5 4 BR TL 1
4 3 TL BR 0
2 4 TR TL 1
0 0 TL TR 0
1 5 TR BL 1
0 3 BL BR 0
2 2 BR TR 1
3 1 BL BR 0
GAMEOVER USER CANCEL UNDECIDED
# Game ended: Mon Apr 08 17:40:09 EDT 2019
