# Server version 0.08 running on 142.157.58.209:8123
# Game ID: 627
# Board class: pentago_swap.PentagoBoard
# Timeout: 2000
# First Move Timeout: 30000
# Date: Mon Apr 08 17:44:41 EDT 2019
# Player 1: Player-0, '260721870', running on 142.157.58.209
# Player 2: Player-1, 'RandomPlayer', running on 142.157.58.209
START Player-0 260721870
START Player-1 RandomPlayer
1 1 TL BL 0
2 4 TR BL 1
4 1 TR BR 0
4 5 TL BL 1
0 5 TR BR 0
3 0 TL BL 1
0 5 TL BR 0
5 0 TR BR 1
2 1 TL BL 0
4 1 TL TR 1
3 4 TR BR 0
4 5 TR BR 1
5 0 TR BL 0
2 0 TL BL 1
3 3 TR BR 0
4 1 TL BR 1
0 1 BL BR 0
GAMEOVER WINNER 0
# Game ended: Mon Apr 08 17:44:41 EDT 2019
