# Server version 0.08 running on 142.157.58.209:8123
# Game ID: 591
# Board class: pentago_swap.PentagoBoard
# Timeout: 2000
# First Move Timeout: 30000
# Date: Mon Apr 08 16:31:45 EDT 2019
# Player 1: Player-0, '260721870', running on 142.157.58.209
# Player 2: Player-1, 'RandomPlayer', running on 142.157.58.209
START Player-0 260721870
START Player-1 RandomPlayer
1 1 TL BL 0
1 5 TL BL 1
4 1 TR BR 0
5 0 TL BL 1
0 0 BL BR 0
5 3 TR BR 1
3 2 TL BL 0
2 4 TR BL 1
1 5 TR BL 0
5 4 TR BR 1
4 3 BL BR 0
0 0 TL BL 1
0 5 TR BL 0
2 5 TL BL 1
0 0 TL BR 0
4 3 TL TR 1
4 4 TR BL 0
2 5 TR BR 1
3 4 TL BL 0
5 1 TR BR 1
2 2 TL BR 0
3 1 TR BR 1
GAMEOVER WINNER 1
# Game ended: Mon Apr 08 16:31:45 EDT 2019
