# Server version 0.08 running on 142.157.58.209:8123
# Game ID: 594
# Board class: pentago_swap.PentagoBoard
# Timeout: 2000
# First Move Timeout: 30000
# Date: Mon Apr 08 16:38:12 EDT 2019
# Player 1: Player-0, '260721870', running on 142.157.58.209
# Player 2: Player-1, 'Human', running on 142.157.58.209
START Player-0 260721870
START Player-1 Human
1 1 TL BL 0
4 4 BR TR 1
4 4 TR BR 0
3 4 BR TR 1
0 3 BL BR 0
2 4 TR BR 1
4 2 BL BR 0
2 1 TL TR 1
3 5 TR BL 0
3 4 BR TR 1
2 4 BL BR 0
GAMEOVER USER CANCEL UNDECIDED
# Game ended: Mon Apr 08 16:38:45 EDT 2019
