# Server version 0.08 running on 142.157.58.209:8123
# Game ID: 599
# Board class: pentago_swap.PentagoBoard
# Timeout: 2000
# First Move Timeout: 30000
# Date: Mon Apr 08 16:56:38 EDT 2019
# Player 1: Player-0, '260721870', running on 142.157.58.209
# Player 2: Player-1, 'RandomPlayer', running on 142.157.58.209
START Player-0 260721870
START Player-1 RandomPlayer
1 1 TL BL 0
5 4 BL BR 1
4 1 TR BR 0
1 1 TL BL 1
4 0 TR BR 0
1 5 TL TR 1
5 4 BL BR 0
0 0 TL TR 1
2 3 TL BR 0
5 5 BL BR 1
2 2 TL BR 0
2 2 TL TR 1
0 1 BL BR 0
1 5 TR BR 1
1 3 TL BR 0
5 1 TL TR 1
0 3 TL TR 0
4 3 BL BR 1
1 0 TR BR 0
4 5 TR BL 1
0 1 TL BR 0
1 4 BL BR 1
3 2 TL BR 0
3 4 TL BR 1
2 0 TR BL 0
5 3 TL BL 1
3 4 TL TR 0
2 5 TR BR 1
3 5 BL BR 0
2 0 TR BL 1
3 3 TL BL 0
0 0 TR BL 1
0 2 TL TR 0
3 5 TR BL 1
GAMEOVER WINNER 1
# Game ended: Mon Apr 08 16:56:38 EDT 2019
