# Server version 0.08 running on mbp-giorgia-9:8123
# Game ID: 819
# Board class: pentago_swap.PentagoBoard
# Timeout: 2000
# First Move Timeout: 30000
# Date: Tue Apr 09 00:26:33 EDT 2019
# Player 1: Player-0, '260721870', running on mbp-giorgia-9
# Player 2: Player-1, 'Human', running on mbp-giorgia-9
START Player-0 260721870
START Player-1 Human
1 1 TL BL 0
1 1 TL BL 1
4 4 TR BR 0
4 0 BL TL 1
0 4 TL TR 0
2 1 TL BL 1
0 1 TL BL 0
1 5 TR BL 1
2 4 TL BR 0
GAMEOVER WINNER 0
# Game ended: Tue Apr 09 00:26:47 EDT 2019
