# Server version 0.08 running on mbp-giorgia-9:8123
# Game ID: 751
# Board class: pentago_swap.PentagoBoard
# Timeout: 2000
# First Move Timeout: 30000
# Date: Mon Apr 08 22:32:07 EDT 2019
# Player 1: Player-0, '260721870', running on localhost
# Player 2: Player-1, 'RandomPlayer', running on localhost
START Player-0 260721870
START Player-1 RandomPlayer
1 1 TL BL 0
3 4 TL BR 1
4 4 TR BR 0
1 2 TR BR 1
3 4 TL BL 0
1 4 TL TR 1
0 2 TL TR 0
3 0 TL TR 1
4 1 TL BL 0
5 5 TR BR 1
5 4 TR BR 0
0 3 TL BR 1
0 4 TL BR 0
GAMEOVER WINNER 0
# Game ended: Mon Apr 08 22:32:07 EDT 2019
