# Server version 0.08 running on mbp-giorgia-9:8123
# Game ID: 818
# Board class: pentago_swap.PentagoBoard
# Timeout: 2000
# First Move Timeout: 30000
# Date: Tue Apr 09 00:25:56 EDT 2019
# Player 1: Player-0, 'RandomPlayer', running on localhost
# Player 2: Player-1, '260721870', running on localhost
START Player-0 RandomPlayer
START Player-1 260721870
5 4 BL BR 0
1 1 TL BL 1
2 0 TR BR 0
4 4 TR BR 1
4 2 TL BR 0
0 4 TL TR 1
2 3 TL TR 0
2 4 TL TR 1
1 2 TR BL 0
0 4 TR BL 1
GAMEOVER WINNER 1
# Game ended: Tue Apr 09 00:25:56 EDT 2019
