# Server version 0.08 running on mbp-giorgia-9:8123
# Game ID: 674
# Board class: pentago_swap.PentagoBoard
# Timeout: 2000
# First Move Timeout: 30000
# Date: Mon Apr 08 20:53:28 EDT 2019
# Player 1: Player-0, '260721870', running on mbp-giorgia-9
# Player 2: Player-1, 'RandomPlayer', running on mbp-giorgia-9
START Player-0 260721870
START Player-1 RandomPlayer
1 1 TL BL 0
1 3 TR BR 1
4 4 TR BR 0
4 4 TL TR 1
2 2 TL BR 0
0 1 TL TR 1
2 1 TR BR 0
3 1 TL BL 1
3 1 TL BL 0
4 0 TL TR 1
1 4 TL BL 0
2 1 TR BR 1
3 1 TL BR 0
GAMEOVER WINNER 0
# Game ended: Mon Apr 08 20:53:28 EDT 2019
