# Server version 0.08 running on mbp-giorgia-9:8123
# Game ID: 1155
# Board class: pentago_swap.PentagoBoard
# Timeout: 2000
# First Move Timeout: 30000
# Date: Wed Apr 10 10:35:07 EDT 2019
# Player 1: Player-0, '260721870', running on mbp-giorgia-9
# Player 2: Player-1, 'Human', running on mbp-giorgia-9
START Player-0 260721870
START Player-1 Human
1 1 TL BL 0
1 1 TL BR 1
1 4 TR BR 0
1 1 TL BL 1
0 0 TL BR 0
5 4 BR TR 1
0 0 TR BR 0
5 5 BR BL 1
2 2 BL BR 0
GAMEOVER WINNER 0
# Game ended: Wed Apr 10 10:35:20 EDT 2019
