# Server version 0.08 running on mbp-giorgia-9:8123
# Game ID: 1159
# Board class: pentago_swap.PentagoBoard
# Timeout: 2000
# First Move Timeout: 30000
# Date: Wed Apr 10 10:39:40 EDT 2019
# Player 1: Player-0, '260721870', running on mbp-giorgia-9
# Player 2: Player-1, 'Human', running on mbp-giorgia-9
START Player-0 260721870
START Player-1 Human
1 1 TL BL 0
1 1 TL BL 1
4 4 TR BR 0
4 4 BR TL 1
0 3 TL TR 0
2 2 BL TR 1
3 3 TL BR 0
2 2 TR BL 1
0 1 TL TR 0
3 1 BL TL 1
0 5 TL BR 0
0 1 BL BR 1
0 2 TL BL 0
2 3 BR BL 1
3 1 BL BR 0
5 0 TL BR 1
0 0 TL TR 0
GAMEOVER WINNER 0
# Game ended: Wed Apr 10 10:40:33 EDT 2019
