# Server version 0.08 running on mbp-giorgia-9:8123
# Game ID: 1086
# Board class: pentago_swap.PentagoBoard
# Timeout: 2000
# First Move Timeout: 30000
# Date: Tue Apr 09 10:41:52 EDT 2019
# Player 1: Player-0, 'RandomPlayer', running on mbp-giorgia-9
# Player 2: Player-1, '260721870', running on mbp-giorgia-9
START Player-0 RandomPlayer
START Player-1 260721870
4 0 TR BR 0
1 1 TL BL 1
1 1 BL BR 0
4 1 TR BR 1
4 5 TL BR 0
1 0 TL BL 1
1 2 TL BL 0
1 1 TL BL 1
0 3 TL BR 0
1 2 TR BR 1
1 3 BL BR 0
2 4 BL BR 1
0 1 TL BL 0
2 1 TL BL 1
3 1 TR BL 0
3 1 TL TR 1
GAMEOVER WINNER 1
# Game ended: Tue Apr 09 10:41:52 EDT 2019
