# Server version 0.08 running on 142.157.58.209:8123
# Game ID: 182
# Board class: pentago_swap.PentagoBoard
# Timeout: 2000
# First Move Timeout: 30000
# Date: Sun Apr 07 17:30:46 EDT 2019
# Player 1: Player-0, '260721870', running on 142.157.58.209
# Player 2: Player-1, 'Human', running on 142.157.58.209
START Player-0 260721870
START Player-1 Human
1 1 TL BL 0
1 4 TR BR 1
1 4 TR BR 0
3 4 BR BL 1
5 3 BL BR 0
3 2 BL TL 1
3 5 TR BR 0
0 3 TR TL 1
2 0 TL BL 0
GAMEOVER WINNER 0
# Game ended: Sun Apr 07 17:30:58 EDT 2019
