# Server version 0.08 running on mbp-giorgia-9:8123
# Game ID: 36
# Board class: pentago_swap.PentagoBoard
# Timeout: 2000
# First Move Timeout: 30000
# Date: Sat Apr 06 19:10:31 EDT 2019
# Player 1: Player-0, 'Human', running on mbp-giorgia-9
# Player 2: Player-1, '260721870', running on mbp-giorgia-9
START Player-0 Human
START Player-1 260721870
1 1 TL TR 0
1 1 TL BL 1
1 1 TL BR 0
1 1 TR BR 1
3 4 BR BL 0
0 0 TL BL 1
2 1 TL BR 0
3 3 TL TR 1
2 4 TR TL 0
0 3 TR BR 1
3 4 BL TL 0
GAMEOVER WINNER 0
# Game ended: Sat Apr 06 19:11:15 EDT 2019
