# Server version 0.08 running on mbp-giorgia-9:8123
# Game ID: 37
# Board class: pentago_swap.PentagoBoard
# Timeout: 2000
# First Move Timeout: 30000
# Date: Sun Apr 07 13:06:45 EDT 2019
# Player 1: Player-0, '260721870', running on mbp-giorgia-9
# Player 2: Player-1, 'Human', running on mbp-giorgia-9
START Player-0 260721870
START Player-1 Human
1 1 TL BL 0
1 1 TL BR 1
1 4 TR BR 0
1 1 TL BL 1
5 3 BL BR 0
3 4 BR BL 1
3 3 TR BR 0
5 1 BL TL 1
1 2 TL TR 0
3 4 BR TL 1
5 1 TR BR 0
2 2 TL BL 1
3 0 TL BR 0
GAMEOVER WINNER 1
# Game ended: Sun Apr 07 13:07:08 EDT 2019
