# Server version 0.08 running on mbp-giorgia-9:8123
# Game ID: 1002
# Board class: pentago_swap.PentagoBoard
# Timeout: 2000
# First Move Timeout: 30000
# Date: Tue Apr 09 09:31:30 EDT 2019
# Player 1: Player-0, 'RandomPlayer', running on localhost
# Player 2: Player-1, '260721870', running on localhost
START Player-0 RandomPlayer
START Player-1 260721870
4 1 BL BR 0
1 1 TL BL 1
2 1 TL BR 0
4 4 TR BR 1
3 0 TL TR 0
0 0 BL BR 1
1 5 TL TR 0
2 5 TL TR 1
3 1 TR BL 0
5 5 TL BR 1
GAMEOVER WINNER 1
# Game ended: Tue Apr 09 09:31:30 EDT 2019
