# Server version 0.08 running on mbp-giorgia-9:8123
# Game ID: 693
# Board class: pentago_swap.PentagoBoard
# Timeout: 2000
# First Move Timeout: 30000
# Date: Mon Apr 08 21:24:48 EDT 2019
# Player 1: Player-0, '260721870', running on localhost
# Player 2: Player-1, 'RandomPlayer', running on localhost
START Player-0 260721870
START Player-1 RandomPlayer
1 1 TL BL 0
0 2 BL BR 1
4 1 TR BR 0
3 3 TR BL 1
4 2 BL BR 0
5 5 TL TR 1
5 3 TL BR 0
2 3 TL BL 1
2 1 TL BR 0
3 1 BL BR 1
4 2 BL BR 0
1 5 BL BR 1
3 2 BL BR 0
2 0 BL BR 1
4 1 TL BR 0
2 4 TL BR 1
3 5 TR BR 0
GAMEOVER WINNER 0
# Game ended: Mon Apr 08 21:24:48 EDT 2019
