# Server version 0.08 running on mbp-giorgia-9:8123
# Game ID: 652
# Board class: pentago_swap.PentagoBoard
# Timeout: 2000
# First Move Timeout: 30000
# Date: Mon Apr 08 18:50:38 EDT 2019
# Player 1: Player-0, 'RandomPlayer', running on mbp-giorgia-9
# Player 2: Player-1, '260721870', running on mbp-giorgia-9
START Player-0 RandomPlayer
START Player-1 260721870
1 3 TL BR 0
3 5 TR BR 1
5 0 TL BR 0
1 2 TL TR 1
2 0 TL TR 0
3 4 TL TR 1
4 4 TL BR 0
4 4 TR BL 1
2 1 BL BR 0
5 1 BL BR 1
3 1 BL BR 0
0 0 BL BR 1
2 4 BL BR 0
2 2 TR BR 1
0 3 TL BL 0
4 2 TL BR 1
3 2 TR BL 0
2 3 TL TR 1
4 5 TR BR 0
5 5 BL BR 1
4 1 TL BR 0
0 3 TL BR 1
4 2 TL BL 0
2 5 TL BR 1
0 4 BL BR 0
1 3 BL BR 1
2 2 TR BR 0
4 0 TR BL 1
GAMEOVER WINNER 1
# Game ended: Mon Apr 08 18:50:38 EDT 2019
