# Server version 0.08 running on mbp-giorgia-9:8123
# Game ID: 1089
# Board class: pentago_swap.PentagoBoard
# Timeout: 2000
# First Move Timeout: 30000
# Date: Tue Apr 09 10:42:29 EDT 2019
# Player 1: Player-0, '260721870', running on mbp-giorgia-9
# Player 2: Player-1, 'Human', running on mbp-giorgia-9
START Player-0 260721870
START Player-1 Human
1 1 TL BL 0
1 1 TL BL 1
4 4 TR BR 0
4 4 BR BL 1
0 0 TR BR 0
4 2 BL BR 1
1 0 TL BR 0
1 3 TR BR 1
2 3 TL BL 0
4 5 TR TL 1
GAMEOVER WINNER 1
# Game ended: Tue Apr 09 10:42:43 EDT 2019
