# Server version 0.08 running on 142.157.58.209:8123
# Game ID: 41
# Board class: pentago_swap.PentagoBoard
# Timeout: 2000
# First Move Timeout: 30000
# Date: Sun Apr 07 14:03:13 EDT 2019
# Player 1: Player-0, 'Human', running on 142.157.58.209
# Player 2: Player-1, 'RandomPlayer', running on 142.157.58.209
START Player-0 Human
START Player-1 RandomPlayer
1 1 TR TL 0
0 1 TR BR 1
3 4 BR TR 0
3 3 TL TR 1
2 1 TL BL 0
1 4 BL BR 1
2 4 TL TR 0
3 3 TL BL 1
1 4 TR TL 0
5 3 BL BR 1
2 1 TR BR 0
GAMEOVER WINNER 0
# Game ended: Sun Apr 07 14:03:38 EDT 2019
