# Server version 0.08 running on mbp-giorgia-9:8123
# Game ID: 906
# Board class: pentago_swap.PentagoBoard
# Timeout: 2000
# First Move Timeout: 30000
# Date: Tue Apr 09 00:57:04 EDT 2019
# Player 1: Player-0, 'RandomPlayer', running on localhost
# Player 2: Player-1, '260721870', running on localhost
START Player-0 RandomPlayer
START Player-1 260721870
0 4 TR BL 0
1 1 TL BL 1
5 2 TL BR 0
4 4 TR BR 1
4 4 TL BL 0
0 0 TR BR 1
3 1 TL TR 0
3 3 TL TR 1
0 4 TL BL 0
0 0 TL BL 1
0 2 TR BL 0
5 5 TL BR 1
GAMEOVER WINNER 1
# Game ended: Tue Apr 09 00:57:05 EDT 2019
