# Server version 0.08 running on mbp-giorgia-9:8123
# Game ID: 949
# Board class: pentago_swap.PentagoBoard
# Timeout: 2000
# First Move Timeout: 30000
# Date: Tue Apr 09 00:58:00 EDT 2019
# Player 1: Player-0, '260721870', running on localhost
# Player 2: Player-1, 'RandomPlayer', running on localhost
START Player-0 260721870
START Player-1 RandomPlayer
1 1 TL BL 0
3 1 BL BR 1
4 1 TR BR 0
4 4 BL BR 1
0 3 TL TR 0
5 3 TR BR 1
0 3 TR BR 0
1 3 TR BL 1
2 2 TR BL 0
GAMEOVER WINNER 0
# Game ended: Tue Apr 09 00:58:00 EDT 2019
