# Server version 0.08 running on 192.168.2.60:8123
# Game ID: 429
# Board class: pentago_swap.PentagoBoard
# Timeout: 2000
# First Move Timeout: 30000
# Date: Mon Apr 08 00:46:57 EDT 2019
# Player 1: Player-0, '260721870', running on 192.168.2.60
# Player 2: Player-1, 'Human', running on 192.168.2.60
START Player-0 260721870
START Player-1 Human
1 1 TL BL 0
4 4 BR TL 1
4 4 TR BR 0
4 4 BR TL 1
5 0 TR BR 0
2 3 TR BR 1
4 2 TR BR 0
4 0 BL TL 1
3 4 BL BR 0
0 5 TR BR 1
3 3 TL BR 0
2 3 TR BL 1
2 2 TL TR 0
4 2 BL TR 1
GAMEOVER WINNER 1
# Game ended: Mon Apr 08 00:47:20 EDT 2019
