# Server version 0.08 running on mbp-giorgia-9:8123
# Game ID: 696
# Board class: pentago_swap.PentagoBoard
# Timeout: 2000
# First Move Timeout: 30000
# Date: Mon Apr 08 21:24:52 EDT 2019
# Player 1: Player-0, 'RandomPlayer', running on localhost
# Player 2: Player-1, '260721870', running on localhost
START Player-0 RandomPlayer
START Player-1 260721870
4 1 TL BR 0
1 1 TL BL 1
3 3 BL BR 0
4 1 TR BR 1
0 2 TR BR 0
3 5 TL TR 1
2 5 TL BL 0
3 0 TL TR 1
5 3 TL TR 0
4 3 TL BR 1
5 5 TL BL 0
1 5 BL BR 1
4 0 TR BR 0
4 2 TL TR 1
1 2 TL BR 0
3 1 TL BL 1
0 5 TR BR 0
5 5 BL BR 1
0 3 TR BL 0
2 0 TL TR 1
5 3 TL TR 0
0 2 TL TR 1
GAMEOVER WINNER 1
# Game ended: Mon Apr 08 21:24:52 EDT 2019
