# Server version 0.08 running on mbp-giorgia-9:8123
# Game ID: 537
# Board class: pentago_swap.PentagoBoard
# Timeout: 2000
# First Move Timeout: 30000
# Date: Mon Apr 08 10:40:44 EDT 2019
# Player 1: Player-0, '260721870', running on localhost
# Player 2: Player-1, 'RandomPlayer', running on localhost
START Player-0 260721870
START Player-1 RandomPlayer
1 1 TL BL 0
0 1 TR BR 1
4 4 TR BR 0
3 2 TL TR 1
4 2 TL BL 0
2 1 BL BR 1
1 5 TL BL 0
3 1 TL BL 1
1 3 BL BR 0
5 4 BL BR 1
1 4 BL BR 0
GAMEOVER WINNER 0
# Game ended: Mon Apr 08 10:40:50 EDT 2019
