# Server version 0.08 running on mbp-giorgia-9:8123
# Game ID: 1059
# Board class: pentago_swap.PentagoBoard
# Timeout: 300000
# First Move Timeout: 30000
# Date: Tue Apr 09 09:46:35 EDT 2019
# Player 1: Player-0, '260721870', running on localhost
# Player 2: Player-1, '260721870', running on localhost
START Player-0 260721870
START Player-1 260721870
1 1 TL BL 0
1 1 TL BL 1
4 4 TR BR 0
4 4 TR BR 1
0 0 TL BR 0
0 4 TL TR 1
0 3 TL TR 0
2 4 TL TR 1
2 5 TL TR 0
GAMEOVER WINNER 0
# Game ended: Tue Apr 09 09:46:35 EDT 2019
