# Server version 0.08 running on mbp-giorgia-9:8123
# Game ID: 825
# Board class: pentago_swap.PentagoBoard
# Timeout: 2000
# First Move Timeout: 30000
# Date: Tue Apr 09 00:29:45 EDT 2019
# Player 1: Player-0, 'Human', running on mbp-giorgia-9
# Player 2: Player-1, '260721870', running on mbp-giorgia-9
START Player-0 Human
START Player-1 260721870
1 1 TL TR 0
1 1 TL BL 1
3 4 BR TL 0
4 4 TR BR 1
1 1 TL BL 0
0 0 TR BR 1
2 4 TR TL 0
2 5 TL TR 1
0 4 TR TL 0
GAMEOVER WINNER 0
# Game ended: Tue Apr 09 00:30:01 EDT 2019
