# Server version 0.08 running on 142.157.58.209:8123
# Game ID: 564
# Board class: pentago_swap.PentagoBoard
# Timeout: 2000
# First Move Timeout: 30000
# Date: Mon Apr 08 13:30:00 EDT 2019
# Player 1: Player-0, 'RandomPlayer', running on localhost
# Player 2: Player-1, '260721870', running on localhost
START Player-0 RandomPlayer
START Player-1 260721870
5 2 TR BR 0
1 1 TL BL 1
0 3 TL TR 0
4 4 TR BR 1
3 5 BL BR 0
3 4 BL BR 1
2 0 TL BL 0
2 1 TR BL 1
5 2 BL BR 0
3 4 TL TR 1
GAMEOVER WINNER 1
# Game ended: Mon Apr 08 13:30:04 EDT 2019
