# Server version 0.08 running on 142.157.58.209:8123
# Game ID: 258
# Board class: pentago_swap.PentagoBoard
# Timeout: 2000
# First Move Timeout: 30000
# Date: Sun Apr 07 17:34:43 EDT 2019
# Player 1: Player-0, '260721870', running on localhost
# Player 2: Player-1, 'RandomPlayer', running on localhost
START Player-0 260721870
START Player-1 RandomPlayer
1 1 TL BL 0
0 1 TR BR 1
4 4 TR BR 0
3 2 TL TR 1
5 3 BL BR 0
1 5 BL BR 1
3 4 TR BR 0
3 3 TL BL 1
1 2 TL TR 0
5 4 BL BR 1
5 2 TR BR 0
2 5 TL TR 1
2 5 TL BR 0
1 0 BL BR 1
5 1 TR BL 0
4 4 TR BR 1
3 2 TR BR 0
1 3 TL BR 1
3 3 TL TR 0
4 1 TR BR 1
3 0 TL TR 0
2 2 TL TR 1
0 4 TL BL 0
GAMEOVER WINNER 0
# Game ended: Sun Apr 07 17:34:43 EDT 2019
