# Server version 0.08 running on mbp-giorgia-9:8123
# Game ID: 1113
# Board class: pentago_swap.PentagoBoard
# Timeout: 2000
# First Move Timeout: 30000
# Date: Tue Apr 09 10:46:52 EDT 2019
# Player 1: Player-0, 'RandomPlayer', running on localhost
# Player 2: Player-1, '260721870', running on localhost
START Player-0 RandomPlayer
START Player-1 260721870
0 0 TL TR 0
1 1 TL BL 1
2 3 BL BR 0
4 1 TR BR 1
5 2 TR BL 0
2 4 TL BL 1
4 3 TL BL 0
1 1 TL BR 1
0 2 TR BR 0
2 2 TR BR 1
0 4 TL BL 0
0 3 TL BL 1
5 4 BL BR 0
0 1 TL TR 1
5 0 BL BR 0
0 2 BL BR 1
3 4 BL BR 0
1 2 BL BR 1
5 3 TL TR 0
1 1 TL TR 1
2 0 BL BR 0
2 4 TR BL 1
GAMEOVER WINNER 1
# Game ended: Tue Apr 09 10:46:52 EDT 2019
