# Server version 0.08 running on mbp-giorgia-9:8123
# Game ID: 631
# Board class: pentago_swap.PentagoBoard
# Timeout: 2000
# First Move Timeout: 30000
# Date: Mon Apr 08 18:07:55 EDT 2019
# Player 1: Player-0, '260721870', running on mbp-giorgia-9
# Player 2: Player-1, 'Human', running on mbp-giorgia-9
START Player-0 260721870
START Player-1 Human
1 1 TL BL 0
1 1 TL BL 1
4 4 TR BR 0
4 4 BR TR 1
0 0 TR BR 0
4 3 BR BL 1
0 1 TR BL 0
1 5 TR BL 1
5 0 TL TR 0
4 3 TR TL 1
GAMEOVER WINNER 1
# Game ended: Mon Apr 08 18:08:16 EDT 2019
