# Server version 0.08 running on 142.157.58.209:8123
# Game ID: 183
# Board class: pentago_swap.PentagoBoard
# Timeout: 2000
# First Move Timeout: 30000
# Date: Sun Apr 07 17:31:12 EDT 2019
# Player 1: Player-0, 'Human', running on 142.157.58.209
# Player 2: Player-1, '260721870', running on 142.157.58.209
START Player-0 Human
START Player-1 260721870
4 1 BL TL 0
1 4 TL BL 1
4 4 BR TL 0
4 4 TR BR 1
2 1 TL BL 0
3 1 BL BR 1
0 1 TL TR 0
3 1 TR BR 1
5 4 BR BL 0
0 5 TL TR 1
GAMEOVER WINNER 0
# Game ended: Sun Apr 07 17:31:34 EDT 2019
