# Server version 0.08 running on 142.157.58.209:8123
# Game ID: 181
# Board class: pentago_swap.PentagoBoard
# Timeout: 2000
# First Move Timeout: 30000
# Date: Sun Apr 07 17:26:55 EDT 2019
# Player 1: Player-0, '260721870', running on 142.157.58.209
# Player 2: Player-1, 'Human', running on 142.157.58.209
START Player-0 260721870
START Player-1 Human
1 1 TL BL 0
3 1 BL TL 1
4 1 TR BR 0
2 1 TL BR 1
5 2 BL BR 0
4 3 BR TR 1
3 4 TR BR 0
3 3 BR TL 1
1 3 TL TR 0
2 3 TR TL 1
5 2 TR BR 0
3 0 BL BR 1
3 0 TL BR 0
2 3 TR TL 1
5 2 TR BL 0
2 3 TR TL 1
1 1 TL BR 0
GAMEOVER WINNER 0
# Game ended: Sun Apr 07 17:27:34 EDT 2019
