# Server version 0.08 running on mbp-giorgia-9:8123
# Game ID: 630
# Board class: pentago_swap.PentagoBoard
# Timeout: 2000
# First Move Timeout: 30000
# Date: Mon Apr 08 18:05:07 EDT 2019
# Player 1: Player-0, '260721870', running on mbp-giorgia-9
# Player 2: Player-1, 'Human', running on mbp-giorgia-9
START Player-0 260721870
START Player-1 Human
1 1 TL BL 0
2 1 TL BL 1
4 1 TR BR 0
4 4 BR TR 1
3 4 TR BL 0
2 3 TR BR 1
1 5 TL BR 0
2 2 TL BL 1
2 5 TL TR 0
2 3 TR BL 1
3 5 TL BL 0
2 2 TL BL 1
5 1 TL BL 0
1 2 TL BL 1
2 0 TL TR 0
1 2 TL BL 1
2 4 BL BR 0
3 5 BR BL 1
GAMEOVER WINNER 1
# Game ended: Mon Apr 08 18:05:43 EDT 2019
