# Server version 0.08 running on 142.157.58.209:8123
# Game ID: 609
# Board class: pentago_swap.PentagoBoard
# Timeout: 2000
# First Move Timeout: 30000
# Date: Mon Apr 08 17:21:57 EDT 2019
# Player 1: Player-0, '260721870', running on 142.157.58.209
# Player 2: Player-1, 'RandomPlayer', running on 142.157.58.209
START Player-0 260721870
START Player-1 RandomPlayer
1 1 TL BL 0
0 3 TR BR 1
4 4 TR BR 0
1 1 BL BR 1
0 0 TR BL 0
5 4 TL TR 1
2 5 TR BL 0
5 1 TL BR 1
2 2 TL BL 0
5 0 TL TR 1
0 4 TL TR 0
1 0 BL BR 1
3 0 TL BL 0
2 3 TL BL 1
0 2 TR BL 0
2 0 BL BR 1
2 3 TR BR 0
2 5 BL BR 1
1 5 TL BL 0
3 4 TL BL 1
4 3 BL BR 0
3 2 TL TR 1
4 2 TL BL 0
5 4 TL BR 1
GAMEOVER WINNER 0
# Game ended: Mon Apr 08 17:21:57 EDT 2019
