# Server version 0.08 running on mbp-giorgia-9:8123
# Game ID: 13
# Board class: pentago_swap.PentagoBoard
# Timeout: 2000
# First Move Timeout: 30000
# Date: Sat Apr 06 10:04:50 EDT 2019
# Player 1: Player-0, 'Human', running on mbp-giorgia-9
# Player 2: Player-1, 'RandomPlayer', running on mbp-giorgia-9
START Player-0 Human
START Player-1 RandomPlayer
1 1 TL TR 0
0 1 TR BR 1
3 3 BR BL 0
3 2 TL TR 1
5 2 BL TR 0
2 0 BL BR 1
4 1 BL TL 0
3 5 TL BL 1
3 0 TR TL 0
5 4 BL BR 1
GAMEOVER WINNER 0
# Game ended: Sat Apr 06 10:05:25 EDT 2019
