# Server version 0.08 running on mbp-giorgia-9:8123
# Game ID: 659
# Board class: pentago_swap.PentagoBoard
# Timeout: 2000
# First Move Timeout: 30000
# Date: Mon Apr 08 19:03:50 EDT 2019
# Player 1: Player-0, '260721870', running on mbp-giorgia-9
# Player 2: Player-1, 'RandomPlayer', running on mbp-giorgia-9
START Player-0 260721870
START Player-1 RandomPlayer
4 1 TR BR 0
5 1 TL BR 1
0 5 BL BR 0
4 5 TL BR 1
1 5 TL TR 0
5 3 TL BL 1
4 1 TR BR 0
1 4 TL TR 1
0 5 TL BL 0
0 4 TR BL 1
4 2 TL BR 0
2 0 TL BR 1
2 2 TR BR 0
GAMEOVER WINNER 0
# Game ended: Mon Apr 08 19:03:50 EDT 2019
