# Server version 0.08 running on mbp-giorgia-9:8123
# Game ID: 1006
# Board class: pentago_swap.PentagoBoard
# Timeout: 2000
# First Move Timeout: 30000
# Date: Tue Apr 09 09:31:35 EDT 2019
# Player 1: Player-0, 'RandomPlayer', running on localhost
# Player 2: Player-1, '260721870', running on localhost
START Player-0 RandomPlayer
START Player-1 260721870
3 5 TL BL 0
1 1 TL BL 1
4 2 TR BR 0
4 4 TR BR 1
2 4 TL BL 0
0 0 TR BR 1
3 0 TR BR 0
0 3 TR BR 1
2 4 TL TR 0
2 5 TL TR 1
GAMEOVER WINNER 1
# Game ended: Tue Apr 09 09:31:36 EDT 2019
