# Server version 0.08 running on mbp-giorgia-9:8123
# Game ID: 660
# Board class: pentago_swap.PentagoBoard
# Timeout: 2000
# First Move Timeout: 30000
# Date: Mon Apr 08 19:03:55 EDT 2019
# Player 1: Player-0, '260721870', running on mbp-giorgia-9
# Player 2: Player-1, 'Human', running on mbp-giorgia-9
START Player-0 260721870
START Player-1 Human
2 5 TL BL 0
1 1 TL BL 1
3 0 TR BL 0
4 4 BR TR 1
0 4 TL TR 0
1 2 TL TR 1
5 3 TL TR 0
1 0 TL TR 1
2 5 TL TR 0
1 3 TR BR 1
3 5 TR BL 0
4 2 BL TR 1
5 0 TL BR 0
1 3 TR BL 1
GAMEOVER WINNER 1
# Game ended: Mon Apr 08 19:04:44 EDT 2019
