# Server version 0.08 running on mbp-giorgia-9:8123
# Game ID: 692
# Board class: pentago_swap.PentagoBoard
# Timeout: 2000
# First Move Timeout: 30000
# Date: Mon Apr 08 21:24:24 EDT 2019
# Player 1: Player-0, 'RandomPlayer', running on localhost
# Player 2: Player-1, '260721870', running on localhost
START Player-0 RandomPlayer
START Player-1 260721870
2 5 TL BR 0
1 1 TL BL 1
5 5 TL BR 0
4 4 TR BR 1
0 0 TR BR 0
1 2 TR BR 1
0 3 TL BR 0
4 2 TL BL 1
3 2 TL BL 0
0 4 BL BR 1
5 1 TL TR 0
1 0 TR BR 1
0 4 TL TR 0
1 0 BL BR 1
GAMEOVER WINNER 1
# Game ended: Mon Apr 08 21:24:24 EDT 2019
