# Server version 0.08 running on 142.157.58.209:8123
# Game ID: 623
# Board class: pentago_swap.PentagoBoard
# Timeout: 2000
# First Move Timeout: 30000
# Date: Mon Apr 08 17:40:40 EDT 2019
# Player 1: Player-0, '260721870', running on 142.157.58.209
# Player 2: Player-1, 'RandomPlayer', running on 142.157.58.209
START Player-0 260721870
START Player-1 RandomPlayer
1 1 TL BL 0
1 5 TR BR 1
4 4 TR BR 0
3 0 TL BL 1
4 5 TL TR 0
4 4 TR BL 1
2 3 TL BR 0
5 4 TL BR 1
2 0 TL BR 0
2 0 TR BL 1
2 4 TR BR 0
3 2 TL BR 1
0 1 BL BR 0
5 1 TR BR 1
4 0 TR BL 0
1 2 BL BR 1
0 3 TR BR 0
2 0 TR BL 1
0 5 TL BR 0
5 5 TL TR 1
2 5 TR BR 0
0 1 TL BR 1
5 2 TR BR 0
4 2 BL BR 1
4 0 TR BL 0
0 5 TR BL 1
4 4 TL TR 0
1 0 TL BL 1
3 3 TL TR 0
GAMEOVER WINNER 1
# Game ended: Mon Apr 08 17:40:40 EDT 2019
