# Server version 0.08 running on 192.168.2.60:8123
# Game ID: 420
# Board class: pentago_swap.PentagoBoard
# Timeout: 2000
# First Move Timeout: 30000
# Date: Mon Apr 08 00:43:08 EDT 2019
# Player 1: Player-0, '260721870', running on 192.168.2.60
# Player 2: Player-1, 'Human', running on 192.168.2.60
START Player-0 260721870
START Player-1 Human
1 1 TL BL 0
1 4 TR BR 1
1 4 TR BR 0
2 4 TR TL 1
3 4 TL TR 0
0 4 TR TL 1
5 1 TL BR 0
2 4 TR TL 1
5 0 BL BR 0
1 1 BR TR 1
GAMEOVER WINNER 1
# Game ended: Mon Apr 08 00:43:27 EDT 2019
