# Server version 0.08 running on 192.168.2.60:8123
# Game ID: 385
# Board class: pentago_swap.PentagoBoard
# Timeout: 2000
# First Move Timeout: 30000
# Date: Sun Apr 07 22:10:50 EDT 2019
# Player 1: Player-0, '260721870', running on 192.168.2.60
# Player 2: Player-1, 'Human', running on 192.168.2.60
START Player-0 260721870
START Player-1 Human
1 1 TL BL 0
1 4 TR TL 1
4 4 TR BR 0
4 4 BR TL 1
5 3 BL BR 0
3 1 BL TL 1
3 4 TR BR 0
2 1 BL TL 1
1 0 TL TR 0
2 1 TL BR 1
4 5 TR BR 0
3 4 BR TL 1
3 3 TL BR 0
5 4 BR TL 1
GAMEOVER WINNER 1
# Game ended: Sun Apr 07 22:11:08 EDT 2019
