# Server version 0.08 running on mbp-giorgia-9:8123
# Game ID: 846
# Board class: pentago_swap.PentagoBoard
# Timeout: 2000
# First Move Timeout: 30000
# Date: Tue Apr 09 00:45:27 EDT 2019
# Player 1: Player-0, '260721870', running on mbp-giorgia-9
# Player 2: Player-1, 'Human', running on mbp-giorgia-9
START Player-0 260721870
START Player-1 Human
1 1 TL BL 0
1 1 TL BR 1
1 4 TR BR 0
3 2 BL BR 1
3 0 TL BL 0
3 3 BR BL 1
2 2 BL BR 0
5 5 BR TR 1
0 1 TR BR 0
0 2 TL TR 1
0 0 TL TR 0
0 4 TR BL 1
2 1 BL BR 0
3 1 BL BR 1
0 3 BL BR 0
3 5 BR BL 1
GAMEOVER WINNER 1
# Game ended: Tue Apr 09 00:46:40 EDT 2019
