# Server version 0.08 running on mbp-giorgia-9:8123
# Game ID: 974
# Board class: pentago_swap.PentagoBoard
# Timeout: 2000
# First Move Timeout: 30000
# Date: Tue Apr 09 09:30:54 EDT 2019
# Player 1: Player-0, 'RandomPlayer', running on localhost
# Player 2: Player-1, '260721870', running on localhost
START Player-0 RandomPlayer
START Player-1 260721870
4 3 TR BL 0
1 1 TL BL 1
0 5 TL BR 0
4 4 TR BR 1
5 4 TL BL 0
0 0 TR BR 1
0 3 TL BL 0
3 3 TL BL 1
1 5 BL BR 0
2 2 BL BR 1
GAMEOVER WINNER 1
# Game ended: Tue Apr 09 09:30:54 EDT 2019
