# Server version 0.08 running on mbp-giorgia-9:8123
# Game ID: 744
# Board class: pentago_swap.PentagoBoard
# Timeout: 2000
# First Move Timeout: 30000
# Date: Mon Apr 08 22:30:54 EDT 2019
# Player 1: Player-0, 'Human', running on mbp-giorgia-9
# Player 2: Player-1, '260721870', running on mbp-giorgia-9
START Player-0 Human
START Player-1 260721870
1 1 TL BL 0
1 1 TL BL 1
4 5 BR TR 0
4 4 TR BR 1
3 5 BR TR 0
5 4 TR BL 1
2 2 TL TR 0
3 5 TL BR 1
0 3 TR BL 0
4 3 BL BR 1
1 4 TR BL 0
3 5 BL BR 1
3 3 BR TL 0
0 3 TR BR 1
2 2 TL BR 0
0 2 BL BR 1
5 4 BL TL 0
GAMEOVER WINNER 0
# Game ended: Mon Apr 08 22:31:35 EDT 2019
