# Server version 0.08 running on mbp-giorgia-9:8123
# Game ID: 650
# Board class: pentago_swap.PentagoBoard
# Timeout: 2000
# First Move Timeout: 30000
# Date: Mon Apr 08 18:48:34 EDT 2019
# Player 1: Player-0, '260721870', running on mbp-giorgia-9
# Player 2: Player-1, 'RandomPlayer', running on mbp-giorgia-9
START Player-0 260721870
START Player-1 RandomPlayer
1 1 TL BL 0
2 4 BL BR 1
4 1 TR BR 0
3 5 TL BL 1
1 3 TL TR 0
2 0 TR BL 1
4 3 TR BR 0
0 4 TL BR 1
0 0 BL BR 0
0 2 TL BL 1
5 5 TL BR 0
2 0 TL BR 1
3 5 TR BR 0
0 4 BL BR 1
2 4 TR BR 0
5 0 TL BR 1
0 0 TR BL 0
3 3 TL BL 1
0 3 TR BR 0
0 4 TR BL 1
4 4 TL TR 0
GAMEOVER WINNER 0
# Game ended: Mon Apr 08 18:48:35 EDT 2019
