# Server version 0.08 running on mbp-giorgia-9:8123
# Game ID: 1147
# Board class: pentago_swap.PentagoBoard
# Timeout: 2000
# First Move Timeout: 30000
# Date: Tue Apr 09 16:22:43 EDT 2019
# Player 1: Player-0, '260721870', running on mbp-giorgia-9
# Player 2: Player-1, 'Human', running on mbp-giorgia-9
START Player-0 260721870
START Player-1 Human
1 1 TL BL 0
2 2 TL TR 1
4 4 TR BR 0
1 1 BL TR 1
0 4 TL TR 0
2 1 TL TR 1
3 1 TL TR 0
5 1 BL BR 1
0 0 TL BL 0
3 2 TL BL 1
3 1 TL BR 0
5 3 BL BR 1
0 4 BL BR 0
5 5 BL BR 1
1 2 TL BR 0
5 3 BR BL 1
1 3 TL BL 0
2 2 TL BL 1
GAMEOVER WINNER 1
# Game ended: Tue Apr 09 16:25:02 EDT 2019
