# Server version 0.08 running on 142.157.58.209:8123
# Game ID: 584
# Board class: pentago_swap.PentagoBoard
# Timeout: 2000
# First Move Timeout: 30000
# Date: Mon Apr 08 14:27:34 EDT 2019
# Player 1: Player-0, '260721870', running on 142.157.58.209
# Player 2: Player-1, 'RandomPlayer', running on 142.157.58.209
START Player-0 260721870
START Player-1 RandomPlayer
1 1 TL BL 0
3 3 BL BR 1
4 1 TR BR 0
3 3 BL BR 1
5 1 TL BL 0
0 4 TR BR 1
1 5 TL BL 0
4 2 BL BR 1
0 0 TR BL 0
2 5 TR BR 1
5 1 TL BR 0
2 1 TL TR 1
0 1 TL TR 0
3 4 TL BR 1
2 3 TR BR 0
5 2 TL BR 1
1 1 TL BL 0
GAMEOVER WINNER 0
# Game ended: Mon Apr 08 14:27:46 EDT 2019
