# Server version 0.08 running on mbp-giorgia-9:8123
# Game ID: 658
# Board class: pentago_swap.PentagoBoard
# Timeout: 2000
# First Move Timeout: 30000
# Date: Mon Apr 08 19:03:23 EDT 2019
# Player 1: Player-0, '260721870', running on mbp-giorgia-9
# Player 2: Player-1, 'Human', running on mbp-giorgia-9
START Player-0 260721870
START Player-1 Human
4 4 TR BR 0
1 1 TL BL 1
3 4 TL BR 0
4 2 BL TL 1
5 1 TL TR 0
1 3 TR TL 1
4 1 BL BR 0
1 3 TR BR 1
3 4 TL BL 0
GAMEOVER WINNER 0
# Game ended: Mon Apr 08 19:03:36 EDT 2019
