# Server version 0.08 running on 192.168.2.60:8123
# Game ID: 400
# Board class: pentago_swap.PentagoBoard
# Timeout: 2000
# First Move Timeout: 30000
# Date: Sun Apr 07 22:47:58 EDT 2019
# Player 1: Player-0, 'Human', running on 192.168.2.60
# Player 2: Player-1, '260721870', running on 192.168.2.60
START Player-0 Human
START Player-1 260721870
1 1 TR BR 0
1 4 TL BL 1
1 1 TL BL 0
4 4 TR BR 1
2 1 TR BR 0
3 2 BL BR 1
3 4 BR BL 0
3 3 TR BR 1
5 1 BR TR 0
GAMEOVER WINNER 0
# Game ended: Sun Apr 07 22:48:59 EDT 2019
