# Server version 0.08 running on mbp-giorgia-9:8123
# Game ID: 742
# Board class: pentago_swap.PentagoBoard
# Timeout: 2000
# First Move Timeout: 30000
# Date: Mon Apr 08 22:26:10 EDT 2019
# Player 1: Player-0, '260721870', running on mbp-giorgia-9
# Player 2: Player-1, 'Human', running on mbp-giorgia-9
START Player-0 260721870
START Player-1 Human
1 1 TL BL 0
1 1 TL BL 1
4 4 TR BR 0
4 4 BR TR 1
3 1 TR BR 0
4 5 BR BL 1
2 0 TL BR 0
4 0 BL TL 1
2 0 BL BR 0
4 3 BR BL 1
3 2 TR BL 0
GAMEOVER WINNER 1
# Game ended: Mon Apr 08 22:26:31 EDT 2019
