# Server version 0.08 running on mbp-giorgia-9:8123
# Game ID: 633
# Board class: pentago_swap.PentagoBoard
# Timeout: 2000
# First Move Timeout: 30000
# Date: Mon Apr 08 18:08:30 EDT 2019
# Player 1: Player-0, 'RandomPlayer', running on mbp-giorgia-9
# Player 2: Player-1, '260721870', running on mbp-giorgia-9
START Player-0 RandomPlayer
START Player-1 260721870
1 1 TR BL 0
1 4 TL BL 1
5 5 TR BL 0
4 4 TR BR 1
2 2 TL TR 0
2 0 TL BL 1
2 2 TL BR 0
3 1 TL TR 1
1 3 TR BL 0
3 1 BL BR 1
4 0 TR BR 0
0 1 TL TR 1
3 5 TL BR 0
5 4 TL BL 1
0 2 TL BL 0
1 5 TR BR 1
3 5 TR BL 0
3 0 TL BL 1
5 4 TL TR 0
4 4 TL BR 1
5 1 TR BR 0
4 5 TR BL 1
GAMEOVER WINNER 1
# Game ended: Mon Apr 08 18:08:30 EDT 2019
