# Server version 0.08 running on mbp-giorgia-9:8123
# Game ID: 826
# Board class: pentago_swap.PentagoBoard
# Timeout: 2000
# First Move Timeout: 30000
# Date: Tue Apr 09 00:31:32 EDT 2019
# Player 1: Player-0, '260721870', running on mbp-giorgia-9
# Player 2: Player-1, 'Human', running on mbp-giorgia-9
START Player-0 260721870
START Player-1 Human
1 1 TL BL 0
1 1 TL BR 1
1 4 TR BR 0
1 3 TR BR 1
0 4 TL TR 0
2 1 TL BL 1
0 1 TL BL 0
5 1 BL BR 1
0 0 TL BL 0
1 2 TL BL 1
0 2 TL BL 0
1 4 TR BR 1
0 3 TL BL 0
GAMEOVER WINNER 0
# Game ended: Tue Apr 09 00:31:56 EDT 2019
