# Server version 0.08 running on 142.157.58.209:8123
# Game ID: 602
# Board class: pentago_swap.PentagoBoard
# Timeout: 2000
# First Move Timeout: 30000
# Date: Mon Apr 08 17:03:34 EDT 2019
# Player 1: Player-0, '260721870', running on 142.157.58.209
# Player 2: Player-1, 'Human', running on 142.157.58.209
START Player-0 260721870
START Player-1 Human
1 1 TL BL 0
4 4 BR TL 1
4 4 TR BR 0
0 0 TL BR 1
0 5 TR BR 0
2 5 TR BR 1
3 5 TR BR 0
1 3 TR TL 1
3 2 BL BR 0
3 3 BR TR 1
3 0 TL TR 0
GAMEOVER USER CANCEL UNDECIDED
# Game ended: Mon Apr 08 17:04:06 EDT 2019
