# Server version 0.08 running on mbp-giorgia-9:8123
# Game ID: 7
# Board class: pentago_swap.PentagoBoard
# Timeout: 2000
# First Move Timeout: 30000
# Date: Sat Mar 30 15:00:16 EDT 2019
# Player 1: Player-0, 'Human', running on mbp-giorgia-9
# Player 2: Player-1, 'Human', running on mbp-giorgia-9
START Player-0 Human
START Player-1 Human
0 0 BL BR 0
4 4 BR TL 1
3 2 TL TR 0
3 4 BR TL 1
1 1 TR BL 0
2 2 BR BL 1
1 4 BR TR 0
1 2 BL BR 1
2 3 TL BR 0
4 2 BL TL 1
1 3 TL BL 0
5 2 TR TL 1
3 0 BR BL 0
3 2 BR TL 1
GAMEOVER WINNER 1
# Game ended: Sat Mar 30 15:03:28 EDT 2019
