# Server version 0.08 running on mbp-giorgia-9:8123
# Game ID: 8
# Board class: pentago_swap.PentagoBoard
# Timeout: 2000
# First Move Timeout: 30000
# Date: Sun Mar 31 16:59:40 EDT 2019
# Player 1: Player-0, 'Human', running on mbp-giorgia-9
# Player 2: Player-1, 'RandomPlayer', running on mbp-giorgia-9
START Player-0 Human
START Player-1 RandomPlayer
1 1 TR BR 0
0 1 TR BR 1
0 0 BL TR 0
3 3 TL TR 1
4 1 BR TL 0
2 1 BL BR 1
3 3 TR TL 0
3 5 TL BL 1
5 2 BL TL 0
GAMEOVER WINNER 0
# Game ended: Sun Mar 31 17:00:24 EDT 2019
