# Server version 0.08 running on mbp-giorgia-9:8123
# Game ID: 876
# Board class: pentago_swap.PentagoBoard
# Timeout: 2000
# First Move Timeout: 30000
# Date: Tue Apr 09 00:56:25 EDT 2019
# Player 1: Player-0, 'RandomPlayer', running on localhost
# Player 2: Player-1, '260721870', running on localhost
START Player-0 RandomPlayer
START Player-1 260721870
4 1 BL BR 0
1 1 TL BL 1
1 3 BL BR 0
1 4 TR BR 1
5 4 TL BL 0
0 3 TL TR 1
3 3 TR BL 0
2 2 TL BR 1
3 5 TL BL 0
5 2 TL BL 1
GAMEOVER WINNER 1
# Game ended: Tue Apr 09 00:56:26 EDT 2019
