# Server version 0.08 running on 192.168.2.60:8123
# Game ID: 435
# Board class: pentago_swap.PentagoBoard
# Timeout: 2000
# First Move Timeout: 30000
# Date: Mon Apr 08 01:00:39 EDT 2019
# Player 1: Player-0, '260721870', running on 192.168.2.60
# Player 2: Player-1, 'RandomPlayer', running on 192.168.2.60
START Player-0 260721870
START Player-1 RandomPlayer
1 1 TL BL 0
0 1 TR BR 1
4 4 TR BR 0
3 2 TL TR 1
5 0 TR BR 0
1 4 BL BR 1
4 2 BL BR 0
3 1 TL BL 1
1 0 TL TR 0
5 4 BL BR 1
3 2 TR BR 0
2 4 TL TR 1
0 1 TL TR 0
0 5 BL BR 1
0 1 TR BR 0
5 2 TR BR 1
5 3 TL TR 0
1 3 TL BR 1
4 3 TR BR 0
4 2 TR BR 1
4 5 BL BR 0
GAMEOVER WINNER 0
# Game ended: Mon Apr 08 01:00:39 EDT 2019
