# Server version 0.08 running on mbp-giorgia-9:8123
# Game ID: 675
# Board class: pentago_swap.PentagoBoard
# Timeout: 2000
# First Move Timeout: 30000
# Date: Mon Apr 08 20:53:35 EDT 2019
# Player 1: Player-0, 'Human', running on mbp-giorgia-9
# Player 2: Player-1, '260721870', running on mbp-giorgia-9
START Player-0 Human
START Player-1 260721870
1 1 TL BL 0
1 1 TL BL 1
1 4 TR TL 0
4 4 TR BR 1
3 3 BR TL 0
2 0 TL BL 1
5 2 BL TL 0
5 4 TL BR 1
2 2 TR BL 0
GAMEOVER WINNER 0
# Game ended: Mon Apr 08 20:53:45 EDT 2019
