# Server version 0.08 running on mbp-giorgia-9:8123
# Game ID: 480
# Board class: pentago_swap.PentagoBoard
# Timeout: 2000
# First Move Timeout: 30000
# Date: Mon Apr 08 10:29:30 EDT 2019
# Player 1: Player-0, 'RandomPlayer', running on localhost
# Player 2: Player-1, '260721870', running on localhost
START Player-0 RandomPlayer
START Player-1 260721870
5 2 TR BR 0
1 1 TL BL 1
0 3 TL TR 0
4 4 TR BR 1
3 5 BL BR 0
2 3 TR BR 1
2 0 TL BL 0
0 0 TL TR 1
5 2 BL BR 0
1 5 BL BR 1
2 0 TL TR 0
1 5 TL BL 1
0 1 BL BR 0
1 2 TL TR 1
5 1 TR BR 0
1 0 TL TR 1
1 1 TL BR 0
1 1 BL BR 1
GAMEOVER WINNER 1
# Game ended: Mon Apr 08 10:29:42 EDT 2019
