# Server version 0.08 running on 142.157.58.209:8123
# Game ID: 576
# Board class: pentago_swap.PentagoBoard
# Timeout: 2000
# First Move Timeout: 30000
# Date: Mon Apr 08 13:41:17 EDT 2019
# Player 1: Player-0, '260721870', running on localhost
# Player 2: Player-1, 'RandomPlayer', running on localhost
START Player-0 260721870
START Player-1 RandomPlayer
1 1 TL BL 0
0 1 TR BR 1
4 4 TR BR 0
3 2 TL TR 1
2 4 BL BR 0
1 5 BL BR 1
4 2 BL BR 0
3 3 TL BL 1
5 4 TR BR 0
5 3 BL BR 1
3 3 BL BR 0
3 2 TL TR 1
1 0 TR BL 0
2 0 BL BR 1
1 3 BL BR 0
GAMEOVER WINNER 0
# Game ended: Mon Apr 08 13:41:26 EDT 2019
