# Server version 0.08 running on mbp-giorgia-9:8123
# Game ID: 882
# Board class: pentago_swap.PentagoBoard
# Timeout: 2000
# First Move Timeout: 30000
# Date: Tue Apr 09 00:56:33 EDT 2019
# Player 1: Player-0, 'RandomPlayer', running on localhost
# Player 2: Player-1, '260721870', running on localhost
START Player-0 RandomPlayer
START Player-1 260721870
0 4 BL BR 0
1 1 TL BL 1
3 5 TL TR 0
4 4 TR BR 1
5 3 TR BL 0
0 4 TL TR 1
1 5 TL BR 0
3 1 TL BR 1
5 0 TL BR 0
5 1 TR BL 1
GAMEOVER WINNER 1
# Game ended: Tue Apr 09 00:56:33 EDT 2019
