# Server version 0.08 running on mbp-giorgia-9:8123
# Game ID: 1083
# Board class: pentago_swap.PentagoBoard
# Timeout: 2000
# First Move Timeout: 30000
# Date: Tue Apr 09 10:32:52 EDT 2019
# Player 1: Player-0, 'Human', running on mbp-giorgia-9
# Player 2: Player-1, '260721870', running on mbp-giorgia-9
START Player-0 Human
START Player-1 260721870
1 1 TL BL 0
1 1 TL BL 1
4 4 BR TR 0
4 4 TR BR 1
1 2 TL BR 0
0 0 TL BL 1
4 2 BL BR 0
0 0 TL TR 1
4 3 BR TR 0
0 0 TL TR 1
4 0 BL TR 0
GAMEOVER WINNER 0
# Game ended: Tue Apr 09 10:33:22 EDT 2019
