# Server version 0.08 running on 142.157.58.209:8123
# Game ID: 583
# Board class: pentago_swap.PentagoBoard
# Timeout: 2000
# First Move Timeout: 30000
# Date: Mon Apr 08 14:27:09 EDT 2019
# Player 1: Player-0, 'RandomPlayer', running on 142.157.58.209
# Player 2: Player-1, 'RandomPlayer', running on 142.157.58.209
START Player-0 RandomPlayer
START Player-1 RandomPlayer
1 1 TR BR 0
5 4 BL BR 1
5 4 TL BL 0
5 3 TR BL 1
2 5 TR BR 0
5 1 TR BR 1
2 3 TL TR 0
5 2 BL BR 1
3 5 BL BR 0
1 3 TL BL 1
4 5 TL BR 0
5 3 TR BL 1
0 3 TL BL 0
4 1 BL BR 1
0 2 TL BR 0
0 5 TL BL 1
4 5 TR BL 0
0 1 BL BR 1
3 0 TR BR 0
1 3 TR BR 1
3 4 TR BL 0
3 2 BL BR 1
0 4 TL BL 0
4 2 TL BR 1
2 3 TL BL 0
2 5 TR BR 1
4 0 BL BR 0
3 4 TR BR 1
GAMEOVER WINNER 0
# Game ended: Mon Apr 08 14:27:09 EDT 2019
