# Server version 0.08 running on mbp-giorgia-9:8123
# Game ID: 1157
# Board class: pentago_swap.PentagoBoard
# Timeout: 2000
# First Move Timeout: 30000
# Date: Wed Apr 10 10:38:15 EDT 2019
# Player 1: Player-0, '260721870', running on mbp-giorgia-9
# Player 2: Player-1, 'Human', running on mbp-giorgia-9
START Player-0 260721870
START Player-1 Human
1 1 TL BL 0
1 1 TL BL 1
4 4 TR BR 0
4 4 BR BL 1
0 0 TR BR 0
2 2 TR BL 1
3 3 TL BR 0
2 2 BL TR 1
0 1 TL TR 0
3 1 BL TL 1
0 5 TL BL 0
5 1 TL BL 1
3 4 TR BL 0
GAMEOVER WINNER 0
# Game ended: Wed Apr 10 10:38:33 EDT 2019
