# Server version 0.08 running on 142.157.58.209:8123
# Game ID: 35
# Board class: pentago_swap.PentagoBoard
# Timeout: 2000
# First Move Timeout: 30000
# Date: Sat Apr 06 17:55:48 EDT 2019
# Player 1: Player-0, 'Human', running on 142.157.58.209
# Player 2: Player-1, '260721870', running on 142.157.58.209
START Player-0 Human
START Player-1 260721870
1 1 TL BL 0
1 1 TL BL 1
1 4 TR TL 0
4 4 TR BR 1
2 2 TL BR 0
0 0 TL BL 1
3 3 BR TL 0
3 5 TL TR 1
0 4 TR TL 0
0 5 TR BR 1
2 1 TL BR 0
2 4 TR BR 1
3 1 BL BR 0
GAMEOVER WINNER 0
# Game ended: Sat Apr 06 17:56:24 EDT 2019
