# Server version 0.08 running on mbp-giorgia-9:8123
# Game ID: 1148
# Board class: pentago_swap.PentagoBoard
# Timeout: 2000
# First Move Timeout: 30000
# Date: Tue Apr 09 16:26:38 EDT 2019
# Player 1: Player-0, '260721870', running on mbp-giorgia-9
# Player 2: Player-1, 'Human', running on mbp-giorgia-9
START Player-0 260721870
START Player-1 Human
1 1 TL BL 0
2 1 TL BR 1
4 4 TR BR 0
4 4 BR TL 1
0 4 TL TR 0
3 1 BL BR 1
5 4 TL TR 0
2 2 TL BL 1
0 0 TL BL 0
0 0 TL BL 1
0 1 TL TR 0
1 4 TR TL 1
0 3 TL TR 0
2 5 TR TL 1
0 5 TL TR 0
GAMEOVER WINNER 0
# Game ended: Tue Apr 09 16:27:03 EDT 2019
