# Server version 0.08 running on mbp-giorgia-9:8123
# Game ID: 22
# Board class: pentago_swap.PentagoBoard
# Timeout: 2000
# First Move Timeout: 30000
# Date: Sat Apr 06 12:26:28 EDT 2019
# Player 1: Player-0, 'Human', running on mbp-giorgia-9
# Player 2: Player-1, 'Human', running on mbp-giorgia-9
START Player-0 Human
START Player-1 Human
1 1 TL TR 0
1 1 TL BL 1
4 4 TL BL 0
4 1 BL BR 1
3 1 TL BR 0
2 4 TL BR 1
0 4 TR BR 0
5 1 TL TR 1
3 2 BL TR 0
0 0 TR BR 1
2 2 TL TR 0
5 2 TR TL 1
3 0 TL TR 0
5 3 TL BL 1
3 2 TR TL 0
5 2 BR BL 1
3 3 TR TL 0
GAMEOVER WINNER 0
# Game ended: Sat Apr 06 12:37:34 EDT 2019
