# Server version 0.08 running on mbp-giorgia-9:8123
# Game ID: 457
# Board class: pentago_swap.PentagoBoard
# Timeout: 2000
# First Move Timeout: 30000
# Date: Mon Apr 08 10:13:04 EDT 2019
# Player 1: Player-0, '260721870', running on mbp-giorgia-9
# Player 2: Player-1, 'RandomPlayer', running on mbp-giorgia-9
START Player-0 260721870
START Player-1 RandomPlayer
1 1 TL BL 0
0 1 TR BR 1
4 4 TR BR 0
3 2 TL TR 1
1 4 TR BR 0
1 4 BL BR 1
5 0 TL BR 0
3 3 TL BL 1
2 2 TL BL 0
5 4 BL BR 1
4 3 TL BR 0
3 3 TL TR 1
2 4 TR BR 0
1 0 BL BR 1
5 3 TL BL 0
5 1 TR BR 1
0 2 TL BL 0
GAMEOVER WINNER 0
# Game ended: Mon Apr 08 10:13:16 EDT 2019
