# Server version 0.08 running on mbp-giorgia-9:8123
# Game ID: 908
# Board class: pentago_swap.PentagoBoard
# Timeout: 2000
# First Move Timeout: 30000
# Date: Tue Apr 09 00:57:07 EDT 2019
# Player 1: Player-0, 'RandomPlayer', running on localhost
# Player 2: Player-1, '260721870', running on localhost
START Player-0 RandomPlayer
START Player-1 260721870
3 2 TR BL 0
1 1 TL BL 1
1 4 TL TR 0
4 4 TR BR 1
3 0 BL BR 0
0 3 TL TR 1
0 1 TR BR 0
2 2 TR BR 1
2 3 TL TR 0
0 0 TL TR 1
4 0 TL BR 0
2 2 TR BL 1
GAMEOVER WINNER 1
# Game ended: Tue Apr 09 00:57:07 EDT 2019
