# Server version 0.08 running on mbp-giorgia-9:8123
# Game ID: 775
# Board class: pentago_swap.PentagoBoard
# Timeout: 2000
# First Move Timeout: 30000
# Date: Mon Apr 08 23:07:52 EDT 2019
# Player 1: Player-0, 'RandomPlayer', running on localhost
# Player 2: Player-1, '260721870', running on localhost
START Player-0 RandomPlayer
START Player-1 260721870
3 2 TR BR 0
1 1 TL BL 1
4 4 TL BR 0
4 4 TR BR 1
5 3 TL BR 0
5 3 TL BR 1
3 5 TL TR 0
0 4 TL BR 1
4 2 TL TR 0
3 3 TL BL 1
4 3 TL TR 0
4 0 TL BR 1
4 3 TL BR 0
4 5 TL BR 1
5 2 BL BR 0
0 4 TL TR 1
3 3 TR BR 0
1 5 TL BR 1
4 1 TR BR 0
2 5 TL BR 1
5 1 TL BR 0
3 0 TL BL 1
1 2 TL TR 0
0 0 BL BR 1
GAMEOVER WINNER 1
# Game ended: Mon Apr 08 23:07:52 EDT 2019
