# Server version 0.08 running on mbp-giorgia-9:8123
# Game ID: 847
# Board class: pentago_swap.PentagoBoard
# Timeout: 2000
# First Move Timeout: 30000
# Date: Tue Apr 09 00:46:48 EDT 2019
# Player 1: Player-0, 'Human', running on mbp-giorgia-9
# Player 2: Player-1, '260721870', running on mbp-giorgia-9
START Player-0 Human
START Player-1 260721870
1 1 TL BR 0
1 1 TL BL 1
3 4 BR TR 0
4 4 TR BR 1
5 4 BR TL 0
0 4 TL TR 1
3 4 BR BL 0
2 1 TL TR 1
4 1 BR TR 0
GAMEOVER WINNER 0
# Game ended: Tue Apr 09 00:46:57 EDT 2019
