# Server version 0.08 running on mbp-giorgia-9:8123
# Game ID: 1123
# Board class: pentago_swap.PentagoBoard
# Timeout: 2000
# First Move Timeout: 30000
# Date: Tue Apr 09 10:47:05 EDT 2019
# Player 1: Player-0, 'RandomPlayer', running on localhost
# Player 2: Player-1, '260721870', running on localhost
START Player-0 RandomPlayer
START Player-1 260721870
0 5 TL BR 0
1 1 TL BL 1
2 1 BL BR 0
4 1 TR BR 1
4 2 TR BL 0
5 0 TR BR 1
1 0 TL BL 0
0 0 TL BR 1
2 0 TL BR 0
4 3 TR BR 1
2 2 TL BR 0
4 3 TL BL 1
0 1 TR BL 0
3 0 TL BR 1
GAMEOVER WINNER 1
# Game ended: Tue Apr 09 10:47:06 EDT 2019
