# Server version 0.08 running on mbp-giorgia-9:8123
# Game ID: 1116
# Board class: pentago_swap.PentagoBoard
# Timeout: 2000
# First Move Timeout: 30000
# Date: Tue Apr 09 10:46:56 EDT 2019
# Player 1: Player-0, '260721870', running on localhost
# Player 2: Player-1, 'RandomPlayer', running on localhost
START Player-0 260721870
START Player-1 RandomPlayer
1 1 TL BL 0
3 4 TL BL 1
4 1 TR BR 0
5 4 TL BR 1
3 0 TL BL 0
3 1 TL BL 1
4 2 TL TR 0
4 5 TL BL 1
0 1 BL BR 0
4 3 TL BR 1
0 0 TL BR 0
4 0 TR BR 1
0 2 TR BR 0
1 3 TL BL 1
5 2 TL BL 0
2 3 BL BR 1
3 3 TR BL 0
GAMEOVER WINNER 0
# Game ended: Tue Apr 09 10:46:56 EDT 2019
