# Server version 0.08 running on mbp-giorgia-9:8123
# Game ID: 739
# Board class: pentago_swap.PentagoBoard
# Timeout: 2000
# First Move Timeout: 30000
# Date: Mon Apr 08 22:16:48 EDT 2019
# Player 1: Player-0, '260721870', running on mbp-giorgia-9
# Player 2: Player-1, 'Human', running on mbp-giorgia-9
START Player-0 260721870
START Player-1 Human
1 1 TL BL 0
1 1 TL BL 1
4 4 TR BR 0
4 4 BR TR 1
0 2 TR BL 0
0 5 TR BL 1
3 0 TL BR 0
2 3 TR BL 1
4 5 TR BL 0
0 5 BR TL 1
GAMEOVER WINNER 1
# Game ended: Mon Apr 08 22:17:03 EDT 2019
