# Server version 0.08 running on mbp-giorgia-9:8123
# Game ID: 636
# Board class: pentago_swap.PentagoBoard
# Timeout: 2000
# First Move Timeout: 30000
# Date: Mon Apr 08 18:36:13 EDT 2019
# Player 1: Player-0, '260721870', running on mbp-giorgia-9
# Player 2: Player-1, 'Human', running on mbp-giorgia-9
START Player-0 260721870
START Player-1 Human
1 1 TL BL 0
1 1 TL BR 1
1 4 TR BR 0
1 3 TR TL 1
3 5 TR BR 0
4 4 BR TR 1
4 2 TL BL 0
2 3 TR BL 1
5 4 BL BR 0
3 5 BR TR 1
2 4 TR BL 0
2 3 TR BL 1
5 5 TR BL 0
3 3 BR TR 1
0 1 TL BL 0
GAMEOVER USER CANCEL UNDECIDED
# Game ended: Mon Apr 08 18:36:45 EDT 2019
