# Server version 0.08 running on mbp-giorgia-9:8123
# Game ID: 735
# Board class: pentago_swap.PentagoBoard
# Timeout: 2000
# First Move Timeout: 30000
# Date: Mon Apr 08 22:09:20 EDT 2019
# Player 1: Player-0, 'Human', running on mbp-giorgia-9
# Player 2: Player-1, '260721870', running on mbp-giorgia-9
START Player-0 Human
START Player-1 260721870
1 1 TL BL 0
1 1 TL BL 1
1 2 TL BR 0
1 4 TR BR 1
1 3 TR TL 0
5 5 BL BR 1
1 3 TR BR 0
5 5 BL BR 1
4 1 BL BR 0
5 4 BL BR 1
4 2 BL BR 0
5 3 BL BR 1
3 2 BL TR 0
GAMEOVER WINNER 0
# Game ended: Mon Apr 08 22:09:41 EDT 2019
