# Server version 0.08 running on mbp-giorgia-9:8123
# Game ID: 1067
# Board class: pentago_swap.PentagoBoard
# Timeout: 2000
# First Move Timeout: 30000
# Date: Tue Apr 09 09:53:25 EDT 2019
# Player 1: Player-0, '260721870', running on mbp-giorgia-9
# Player 2: Player-1, 'Human', running on mbp-giorgia-9
START Player-0 260721870
START Player-1 Human
1 1 TL BL 0
1 1 TL BR 1
1 4 TR BR 0
1 1 TL BL 1
0 0 TL BR 0
5 5 TR BL 1
0 0 TL BR 0
5 5 TR BL 1
0 1 TL BR 0
3 5 TR BL 1
0 3 TL BR 0
1 2 BL TR 1
3 1 TL BR 0
3 2 TL TR 1
0 1 TL TR 0
1 5 TL BL 1
2 4 TL BL 0
2 5 TL BL 1
GAMEOVER WINNER 1
# Game ended: Tue Apr 09 09:54:08 EDT 2019
