# Server version 0.08 running on mbp-giorgia-9:8123
# Game ID: 653
# Board class: pentago_swap.PentagoBoard
# Timeout: 2000
# First Move Timeout: 30000
# Date: Mon Apr 08 18:51:49 EDT 2019
# Player 1: Player-0, '260721870', running on mbp-giorgia-9
# Player 2: Player-1, 'RandomPlayer', running on mbp-giorgia-9
START Player-0 260721870
START Player-1 RandomPlayer
1 2 TL TR 0
0 4 TL BR 1
0 3 TL BL 0
4 2 TR BR 1
0 4 TL TR 0
1 2 TR BL 1
3 0 TL BR 0
2 5 TL BR 1
2 3 TL BR 0
1 4 TR BR 1
3 3 TL TR 0
4 1 TR BL 1
0 0 TR BR 0
2 4 TL BL 1
0 4 TL BL 0
3 4 TL BL 1
3 2 TL BL 0
GAMEOVER WINNER 0
# Game ended: Mon Apr 08 18:51:49 EDT 2019
