# Server version 0.08 running on mbp-giorgia-9:8123
# Game ID: 1109
# Board class: pentago_swap.PentagoBoard
# Timeout: 2000
# First Move Timeout: 30000
# Date: Tue Apr 09 10:46:47 EDT 2019
# Player 1: Player-0, 'RandomPlayer', running on localhost
# Player 2: Player-1, '260721870', running on localhost
START Player-0 RandomPlayer
START Player-1 260721870
3 2 TL BL 0
1 1 TL BL 1
4 3 BL BR 0
4 1 TR BR 1
1 5 TL TR 0
5 1 TR BL 1
4 5 BL BR 0
4 5 TL TR 1
4 1 BL BR 0
1 2 TL BL 1
0 2 TL TR 0
4 3 TL TR 1
0 0 TR BL 0
0 1 TL BR 1
2 0 TL TR 0
0 5 BL BR 1
0 1 TR BL 0
3 4 TR BL 1
0 3 TR BR 0
2 4 TR BL 1
GAMEOVER WINNER 1
# Game ended: Tue Apr 09 10:46:47 EDT 2019
