# Server version 0.08 running on mbp-giorgia-9:8123
# Game ID: 654
# Board class: pentago_swap.PentagoBoard
# Timeout: 2000
# First Move Timeout: 30000
# Date: Mon Apr 08 18:58:06 EDT 2019
# Player 1: Player-0, '260721870', running on mbp-giorgia-9
# Player 2: Player-1, 'Human', running on mbp-giorgia-9
START Player-0 260721870
START Player-1 Human
4 1 TR BR 0
1 1 TL BL 1
3 4 TR BR 0
4 2 BL BR 1
4 2 TL BL 0
3 4 BR TR 1
5 2 TL TR 0
1 0 TL BL 1
3 5 TL BL 0
1 3 TR BR 1
3 2 TR BR 0
1 4 BR BL 1
GAMEOVER WINNER 1
# Game ended: Mon Apr 08 18:58:21 EDT 2019
