# Server version 0.08 running on mbp-giorgia-9:8123
# Game ID: 725
# Board class: pentago_swap.PentagoBoard
# Timeout: 2000
# First Move Timeout: 30000
# Date: Mon Apr 08 21:46:20 EDT 2019
# Player 1: Player-0, 'RandomPlayer', running on mbp-giorgia-9
# Player 2: Player-1, '260721870', running on mbp-giorgia-9
START Player-0 RandomPlayer
START Player-1 260721870
3 3 TL BR 0
1 1 TL BL 1
0 3 TR BL 0
4 1 TR BR 1
1 3 TL TR 0
5 5 BL BR 1
4 2 TR BL 0
5 5 BL BR 1
0 1 TR BR 0
5 4 BL BR 1
5 0 TL BR 0
5 5 BL BR 1
2 1 TL BL 0
5 0 BL BR 1
2 4 BL BR 0
4 3 BL BR 1
0 0 TL TR 0
4 5 BL BR 1
2 0 TR BL 0
1 3 TR BL 1
GAMEOVER WINNER 1
# Game ended: Mon Apr 08 21:46:20 EDT 2019
