# Server version 0.08 running on mbp-giorgia-9:8123
# Game ID: 724
# Board class: pentago_swap.PentagoBoard
# Timeout: 2000
# First Move Timeout: 30000
# Date: Mon Apr 08 21:46:07 EDT 2019
# Player 1: Player-0, 'RandomPlayer', running on mbp-giorgia-9
# Player 2: Player-1, '260721870', running on mbp-giorgia-9
START Player-0 RandomPlayer
START Player-1 260721870
4 3 TL BR 0
1 1 TL BL 1
1 5 TL BR 0
4 4 TR BR 1
5 2 TL TR 0
5 5 BL BR 1
3 0 TL BR 0
5 5 BL BR 1
5 1 TR BR 0
5 5 BL BR 1
2 3 TL BR 0
5 4 BL BR 1
1 3 TR BL 0
5 4 BL BR 1
0 0 BL BR 0
5 3 BL BR 1
2 3 TL TR 0
5 4 BL BR 1
GAMEOVER DRAW
# Game ended: Mon Apr 08 21:46:07 EDT 2019
