# Server version 0.08 running on mbp-giorgia-9:8123
# Game ID: 1154
# Board class: pentago_swap.PentagoBoard
# Timeout: 2000
# First Move Timeout: 30000
# Date: Tue Apr 09 18:55:20 EDT 2019
# Player 1: Player-0, '260721870', running on mbp-giorgia-9
# Player 2: Player-1, 'Human', running on mbp-giorgia-9
START Player-0 260721870
START Player-1 Human
1 1 TL BL 0
1 1 TL BR 1
1 4 TR BR 0
1 1 TL BL 1
0 0 TL BR 0
5 5 BL TL 1
3 0 TL BL 0
2 2 TR BR 1
0 1 TL TR 0
4 3 BR TR 1
0 1 TL TR 0
2 4 TR TL 1
0 2 TL BL 0
GAMEOVER WINNER 0
# Game ended: Tue Apr 09 18:55:48 EDT 2019
