# Server version 0.08 running on mbp-giorgia-9:8123
# Game ID: 1163
# Board class: pentago_swap.PentagoBoard
# Timeout: 2000
# First Move Timeout: 30000
# Date: Wed Apr 10 10:41:53 EDT 2019
# Player 1: Player-0, '260721870', running on mbp-giorgia-9
# Player 2: Player-1, 'Human', running on mbp-giorgia-9
START Player-0 260721870
START Player-1 Human
1 1 TL BL 0
1 1 TL BR 1
1 4 TR BR 0
1 1 TL BL 1
0 0 TL BR 0
3 1 BL BR 1
0 0 BL BR 0
2 2 TL BL 1
0 0 TL BL 0
5 1 BL BR 1
0 1 TL BL 0
2 4 TL BL 1
GAMEOVER WINNER 1
# Game ended: Wed Apr 10 10:42:24 EDT 2019
