# Server version 0.08 running on mbp-giorgia-9:8123
# Game ID: 830
# Board class: pentago_swap.PentagoBoard
# Timeout: 2000
# First Move Timeout: 30000
# Date: Tue Apr 09 00:38:56 EDT 2019
# Player 1: Player-0, 'Human', running on mbp-giorgia-9
# Player 2: Player-1, '260721870', running on mbp-giorgia-9
START Player-0 Human
START Player-1 260721870
1 1 TL BL 0
1 1 TL BL 1
4 4 BR TR 0
4 4 TR BR 1
3 3 BR TL 0
0 4 TL TR 1
3 3 BR TL 0
3 1 TL BR 1
2 1 TL BR 0
5 1 TR BL 1
GAMEOVER WINNER 1
# Game ended: Tue Apr 09 00:39:09 EDT 2019
