# Server version 0.08 running on 192.168.2.60:8123
# Game ID: 419
# Board class: pentago_swap.PentagoBoard
# Timeout: 2000
# First Move Timeout: 30000
# Date: Mon Apr 08 00:41:32 EDT 2019
# Player 1: Player-0, 'RandomPlayer', running on 192.168.2.60
# Player 2: Player-1, '260721870', running on 192.168.2.60
START Player-0 RandomPlayer
START Player-1 260721870
5 2 TR BR 0
1 1 TL BL 1
0 3 TL TR 0
4 4 TR BR 1
3 5 BL BR 0
3 1 BL BR 1
2 0 TL BL 0
5 1 TL BR 1
5 3 BL BR 0
0 3 BL BR 1
2 0 TL TR 0
0 1 TL TR 1
0 0 BL BR 0
3 2 BL BR 1
4 5 TR BR 0
2 1 TR BR 1
1 5 TL BR 0
4 4 TR BR 1
GAMEOVER WINNER 1
# Game ended: Mon Apr 08 00:41:32 EDT 2019
