# Server version 0.08 running on mbp-giorgia-9:8123
# Game ID: 651
# Board class: pentago_swap.PentagoBoard
# Timeout: 2000
# First Move Timeout: 30000
# Date: Mon Apr 08 18:50:29 EDT 2019
# Player 1: Player-0, '260721870', running on mbp-giorgia-9
# Player 2: Player-1, 'RandomPlayer', running on mbp-giorgia-9
START Player-0 260721870
START Player-1 RandomPlayer
4 0 TR BR 0
3 3 TL TR 1
2 2 TL BR 0
3 1 TR BR 1
5 5 TL BL 0
4 5 TL TR 1
2 0 TL TR 0
5 2 BL BR 1
4 1 TR BL 0
1 1 TL BR 1
3 2 TL TR 0
3 5 TR BL 1
4 2 TL BL 0
1 1 TL BR 1
3 2 TR BL 0
3 0 TL BL 1
5 3 TL TR 0
5 2 TL BR 1
1 4 BL BR 0
GAMEOVER WINNER 0
# Game ended: Mon Apr 08 18:50:29 EDT 2019
