# Server version 0.08 running on mbp-giorgia-9:8123
# Game ID: 686
# Board class: pentago_swap.PentagoBoard
# Timeout: 2000
# First Move Timeout: 30000
# Date: Mon Apr 08 21:13:24 EDT 2019
# Player 1: Player-0, '260721870', running on mbp-giorgia-9
# Player 2: Player-1, 'RandomPlayer', running on mbp-giorgia-9
START Player-0 260721870
START Player-1 RandomPlayer
1 1 TL BL 0
3 5 TR BL 1
4 1 TR BR 0
2 4 BL BR 1
2 0 TL BR 0
3 3 TR BL 1
0 5 BL BR 0
2 0 TL BL 1
3 1 TL BR 0
4 2 TL BR 1
1 1 BL BR 0
2 5 TR BR 1
2 5 TR BR 0
1 2 TL BL 1
2 3 TR BL 0
GAMEOVER WINNER 0
# Game ended: Mon Apr 08 21:13:24 EDT 2019
