# Server version 0.08 running on mbp-giorgia-9:8123
# Game ID: 1071
# Board class: pentago_swap.PentagoBoard
# Timeout: 2000
# First Move Timeout: 30000
# Date: Tue Apr 09 10:00:59 EDT 2019
# Player 1: Player-0, 'RandomPlayer', running on mbp-giorgia-9
# Player 2: Player-1, '260721870', running on mbp-giorgia-9
START Player-0 RandomPlayer
START Player-1 260721870
2 2 TR BR 0
1 1 TL BL 1
4 4 TL TR 0
1 4 TR BR 1
0 5 TL BL 0
0 1 TL TR 1
5 3 TL BL 0
2 4 TL BL 1
2 0 TR BR 0
0 4 TR BR 1
GAMEOVER WINNER 1
# Game ended: Tue Apr 09 10:00:59 EDT 2019
