# Server version 0.08 running on mbp-giorgia-9:8123
# Game ID: 835
# Board class: pentago_swap.PentagoBoard
# Timeout: 2000
# First Move Timeout: 30000
# Date: Tue Apr 09 00:40:14 EDT 2019
# Player 1: Player-0, '260721870', running on localhost
# Player 2: Player-1, 'RandomPlayer', running on localhost
START Player-0 260721870
START Player-1 RandomPlayer
1 1 TL BL 0
3 4 TR BL 1
4 1 TR BR 0
0 1 TL BR 1
0 0 BL BR 0
5 1 TL BR 1
0 0 TL BR 0
0 5 BL BR 1
2 2 BL BR 0
GAMEOVER WINNER 0
# Game ended: Tue Apr 09 00:40:14 EDT 2019
