# Server version 0.08 running on mbp-giorgia-9:8123
# Game ID: 680
# Board class: pentago_swap.PentagoBoard
# Timeout: 2000
# First Move Timeout: 30000
# Date: Mon Apr 08 20:58:25 EDT 2019
# Player 1: Player-0, '260721870', running on mbp-giorgia-9
# Player 2: Player-1, 'Human', running on mbp-giorgia-9
START Player-0 260721870
START Player-1 Human
1 1 TL BL 0
1 1 TL BL 1
4 4 TR BR 0
4 4 BR TR 1
3 0 BL BR 0
2 4 TR BR 1
3 3 TL BR 0
0 1 TL BL 1
0 4 TR BR 0
5 4 BR TL 1
GAMEOVER WINNER 1
# Game ended: Mon Apr 08 20:58:36 EDT 2019
