# Server version 0.08 running on 142.157.58.209:8123
# Game ID: 607
# Board class: pentago_swap.PentagoBoard
# Timeout: 2000
# First Move Timeout: 30000
# Date: Mon Apr 08 17:15:31 EDT 2019
# Player 1: Player-0, '260721870', running on 142.157.58.209
# Player 2: Player-1, 'Human', running on 142.157.58.209
START Player-0 260721870
START Player-1 Human
1 1 TL BL 0
4 4 BR TL 1
4 4 TR BR 0
2 2 TL BR 1
2 4 TR BL 0
3 3 BR TL 1
4 5 BL BR 0
0 2 TL BL 1
1 5 TL TR 0
4 0 BL TL 1
3 0 TL BL 0
GAMEOVER USER CANCEL UNDECIDED
# Game ended: Mon Apr 08 17:16:00 EDT 2019
