# Server version 0.08 running on mbp-giorgia-9:8123
# Game ID: 679
# Board class: pentago_swap.PentagoBoard
# Timeout: 2000
# First Move Timeout: 30000
# Date: Mon Apr 08 20:57:58 EDT 2019
# Player 1: Player-0, 'Human', running on mbp-giorgia-9
# Player 2: Player-1, '260721870', running on mbp-giorgia-9
START Player-0 Human
START Player-1 260721870
1 1 TL BL 0
1 1 TL BL 1
4 4 BR TR 0
4 4 TR BR 1
2 1 TL BL 0
2 0 TR BR 1
3 1 BL BR 0
1 3 TL BL 1
2 4 TL BL 0
GAMEOVER WINNER 0
# Game ended: Mon Apr 08 20:58:20 EDT 2019
