# Server version 0.08 running on mbp-giorgia-9:8123
# Game ID: 665
# Board class: pentago_swap.PentagoBoard
# Timeout: 2000
# First Move Timeout: 30000
# Date: Mon Apr 08 20:40:02 EDT 2019
# Player 1: Player-0, '260721870', running on mbp-giorgia-9
# Player 2: Player-1, 'Human', running on mbp-giorgia-9
START Player-0 260721870
START Player-1 Human
1 1 TL BL 0
1 1 TL BL 1
4 4 TR BR 0
3 2 BL TR 1
5 1 TL BL 0
2 3 TR BL 1
5 2 TR BR 0
2 3 TR BL 1
2 2 TR BL 0
1 4 TR BR 1
0 3 TL TR 0
3 5 BR TR 1
GAMEOVER WINNER 1
# Game ended: Mon Apr 08 20:40:20 EDT 2019
