# Server version 0.08 running on mbp-giorgia-9:8123
# Game ID: 1070
# Board class: pentago_swap.PentagoBoard
# Timeout: 2000
# First Move Timeout: 30000
# Date: Tue Apr 09 10:00:20 EDT 2019
# Player 1: Player-0, 'Human', running on mbp-giorgia-9
# Player 2: Player-1, '260721870', running on mbp-giorgia-9
START Player-0 Human
START Player-1 260721870
1 1 TL BL 0
1 1 TL BL 1
1 4 TR TL 0
4 4 TR BR 1
4 3 BR TR 0
3 0 TL BL 1
1 5 TR BR 0
0 3 TR BR 1
4 2 BL TL 0
GAMEOVER WINNER 0
# Game ended: Tue Apr 09 10:00:31 EDT 2019
