# Server version 0.08 running on 142.157.58.209:8123
# Game ID: 596
# Board class: pentago_swap.PentagoBoard
# Timeout: 2000
# First Move Timeout: 30000
# Date: Mon Apr 08 16:41:10 EDT 2019
# Player 1: Player-0, '260721870', running on 142.157.58.209
# Player 2: Player-1, 'RandomPlayer', running on 142.157.58.209
START Player-0 260721870
START Player-1 RandomPlayer
1 1 TL BL 0
0 2 BL BR 1
4 1 TR BR 0
2 4 TR BL 1
4 2 TR BR 0
1 3 TR BR 1
1 5 TL BR 0
5 5 TL BL 1
0 5 TL BL 0
3 0 TL BR 1
3 2 TL BL 0
2 3 TR BR 1
3 4 TL BL 0
1 5 BL BR 1
5 5 BL BR 0
3 1 TL BL 1
0 3 TL TR 0
GAMEOVER WINNER 0
# Game ended: Mon Apr 08 16:41:10 EDT 2019
