# Server version 0.08 running on 142.157.58.209:8123
# Game ID: 603
# Board class: pentago_swap.PentagoBoard
# Timeout: 2000
# First Move Timeout: 30000
# Date: Mon Apr 08 17:06:43 EDT 2019
# Player 1: Player-0, '260721870', running on 142.157.58.209
# Player 2: Player-1, 'Human', running on 142.157.58.209
START Player-0 260721870
START Player-1 Human
1 1 TL BL 0
4 4 BR TR 1
4 4 TR BR 0
3 3 BR TL 1
1 3 TL BL 0
5 2 BL TL 1
4 3 BL BR 0
4 1 BL TL 1
2 0 TL BL 0
3 0 BL TR 1
3 4 TR BL 0
5 2 BL TL 1
0 3 TR BL 0
3 3 BR TR 1
GAMEOVER WINNER 1
# Game ended: Mon Apr 08 17:07:04 EDT 2019
