# Server version 0.08 running on mbp-giorgia-9:8123
# Game ID: 664
# Board class: pentago_swap.PentagoBoard
# Timeout: 2000
# First Move Timeout: 30000
# Date: Mon Apr 08 19:06:59 EDT 2019
# Player 1: Player-0, '260721870', running on mbp-giorgia-9
# Player 2: Player-1, 'Human', running on mbp-giorgia-9
START Player-0 260721870
START Player-1 Human
1 1 TL BL 0
1 1 TL BR 1
1 4 TR BR 0
1 3 TR TL 1
5 0 TR BL 0
0 5 TR BL 1
3 4 TL BR 0
2 1 TL BL 1
0 5 TL BL 0
GAMEOVER USER CANCEL UNDECIDED
# Game ended: Mon Apr 08 20:54:50 EDT 2019
