# Server version 0.08 running on mbp-giorgia-9:8123
# Game ID: 750
# Board class: pentago_swap.PentagoBoard
# Timeout: 2000
# First Move Timeout: 30000
# Date: Mon Apr 08 22:32:05 EDT 2019
# Player 1: Player-0, 'RandomPlayer', running on localhost
# Player 2: Player-1, '260721870', running on localhost
START Player-0 RandomPlayer
START Player-1 260721870
0 5 BL BR 0
1 1 TL BL 1
1 4 TR BL 0
4 4 TR BR 1
1 0 TR BL 0
3 3 TL BR 1
4 0 TL BL 0
2 3 TR BL 1
2 2 TR BL 0
3 3 BL BR 1
5 2 TR BL 0
5 1 BL BR 1
5 2 TR BL 0
5 1 TR BR 1
3 2 TL TR 0
5 4 TR BR 1
0 1 TL BR 0
3 1 TR BR 1
1 5 TL TR 0
4 1 TL BR 1
GAMEOVER WINNER 1
# Game ended: Mon Apr 08 22:32:06 EDT 2019
