# Server version 0.08 running on 192.168.2.60:8123
# Game ID: 384
# Board class: pentago_swap.PentagoBoard
# Timeout: 2000
# First Move Timeout: 30000
# Date: Sun Apr 07 21:56:46 EDT 2019
# Player 1: Player-0, '260721870', running on 192.168.2.60
# Player 2: Player-1, 'Human', running on 192.168.2.60
START Player-0 260721870
START Player-1 Human
1 1 TL BL 0
1 4 TR BR 1
1 4 TR BR 0
1 1 TL BR 1
5 3 BL BR 0
2 3 BR TL 1
3 3 TR BR 0
2 5 TR BL 1
0 5 TL TR 0
5 4 TR TL 1
4 5 TR BR 0
2 5 TR BL 1
2 4 TL BR 0
0 4 TR BR 1
4 5 TR BL 0
2 1 TL BR 1
3 2 TR BR 0
3 4 TL BL 1
GAMEOVER WINNER 1
# Game ended: Sun Apr 07 21:58:18 EDT 2019
