# Server version 0.08 running on mbp-giorgia-9:8123
# Game ID: 762
# Board class: pentago_swap.PentagoBoard
# Timeout: 2000
# First Move Timeout: 30000
# Date: Mon Apr 08 22:36:01 EDT 2019
# Player 1: Player-0, 'RandomPlayer', running on localhost
# Player 2: Player-1, '260721870', running on localhost
START Player-0 RandomPlayer
START Player-1 260721870
5 1 TR BR 0
1 1 TL BL 1
4 5 TR BL 0
4 1 TR BR 1
1 0 TR BR 0
0 2 BL BR 1
5 3 TR BR 0
4 0 BL BR 1
4 0 BL BR 0
0 5 TL TR 1
0 0 TL BR 0
1 5 BL BR 1
3 3 TR BL 0
3 5 TR BL 1
0 1 TL BR 0
1 1 TR BL 1
4 1 BL BR 0
3 0 TL TR 1
2 3 TR BL 0
2 1 TL BR 1
1 5 TL TR 0
4 3 TR BR 1
3 4 BL BR 0
1 5 TR BL 1
GAMEOVER WINNER 1
# Game ended: Mon Apr 08 22:36:01 EDT 2019
