# Server version 0.08 running on mbp-giorgia-9:8123
# Game ID: 848
# Board class: pentago_swap.PentagoBoard
# Timeout: 2000
# First Move Timeout: 30000
# Date: Tue Apr 09 00:47:05 EDT 2019
# Player 1: Player-0, '260721870', running on mbp-giorgia-9
# Player 2: Player-1, 'Human', running on mbp-giorgia-9
START Player-0 260721870
START Player-1 Human
1 1 TL BL 0
3 2 BL TL 1
4 1 TR BR 0
2 1 TL BR 1
3 0 TL BL 0
3 3 BR BL 1
2 2 BL BR 0
5 5 BR TR 1
0 1 TR BR 0
5 3 BR BL 1
0 2 BL BR 0
5 2 BL TR 1
3 0 TL BR 0
2 4 TR TL 1
GAMEOVER WINNER 1
# Game ended: Tue Apr 09 00:47:27 EDT 2019
