# Server version 0.08 running on 192.168.2.60:8123
# Game ID: 395
# Board class: pentago_swap.PentagoBoard
# Timeout: 2000
# First Move Timeout: 30000
# Date: Sun Apr 07 22:44:32 EDT 2019
# Player 1: Player-0, '260721870', running on 192.168.2.60
# Player 2: Player-1, 'Human', running on 192.168.2.60
START Player-0 260721870
START Player-1 Human
1 1 TL BL 0
1 1 TL BL 1
4 4 TR BR 0
3 1 BL BR 1
5 3 BL BR 0
5 1 BL TL 1
3 5 TR BR 0
3 1 BL BR 1
1 2 TL TR 0
3 3 BL TL 1
5 2 TR BR 0
2 4 TR BR 1
3 1 TL BR 0
1 0 TL BR 1
5 3 TR BL 0
2 3 TR TL 1
2 1 TR BR 0
0 5 TR BL 1
3 4 TL TR 0
0 0 TL BR 1
GAMEOVER WINNER 1
# Game ended: Sun Apr 07 22:45:07 EDT 2019
