# Server version 0.08 running on mbp-giorgia-9:8123
# Game ID: 694
# Board class: pentago_swap.PentagoBoard
# Timeout: 2000
# First Move Timeout: 30000
# Date: Mon Apr 08 21:24:49 EDT 2019
# Player 1: Player-0, 'RandomPlayer', running on localhost
# Player 2: Player-1, '260721870', running on localhost
START Player-0 RandomPlayer
START Player-1 260721870
1 1 BL BR 0
1 4 TL BL 1
1 5 TR BR 0
1 4 TR BR 1
1 1 TR BR 0
2 5 TL BR 1
2 4 TL BR 0
1 5 TR BL 1
2 3 TL BL 0
1 5 TR BL 1
5 2 TR BR 0
5 1 TL TR 1
4 0 TR BL 0
3 0 TL BR 1
2 1 TL TR 0
3 3 TL BL 1
GAMEOVER WINNER 1
# Game ended: Mon Apr 08 21:24:49 EDT 2019
