# Server version 0.08 running on mbp-giorgia-9:8123
# Game ID: 1078
# Board class: pentago_swap.PentagoBoard
# Timeout: 2000
# First Move Timeout: 30000
# Date: Tue Apr 09 10:04:59 EDT 2019
# Player 1: Player-0, '260721870', running on mbp-giorgia-9
# Player 2: Player-1, 'Human', running on mbp-giorgia-9
START Player-0 260721870
START Player-1 Human
1 1 TL BL 0
1 1 TL BL 1
4 4 TR BR 0
4 4 BR TR 1
0 0 TL BR 0
0 0 TL BL 1
3 1 TL BR 0
5 1 BL TL 1
3 1 TR BR 0
5 1 BL BR 1
0 4 TL BR 0
0 2 TR BL 1
4 3 TR BR 0
1 5 BR BL 1
2 2 BL BR 0
4 0 BR TR 1
5 5 TL BR 0
GAMEOVER WINNER 0
# Game ended: Tue Apr 09 10:05:58 EDT 2019
