# Server version 0.08 running on 142.157.58.209:8123
# Game ID: 598
# Board class: pentago_swap.PentagoBoard
# Timeout: 2000
# First Move Timeout: 30000
# Date: Mon Apr 08 16:41:43 EDT 2019
# Player 1: Player-0, 'Human', running on 142.157.58.209
# Player 2: Player-1, 'Human', running on 142.157.58.209
START Player-0 Human
START Player-1 Human
4 4 BR TL 0
1 4 TR BR 1
2 1 TL BL 0
3 1 BL BR 1
2 4 TR BR 0
3 0 BL TL 1
3 4 BR BL 0
2 3 TR TL 1
4 1 BR TR 0
GAMEOVER WINNER 0
# Game ended: Mon Apr 08 16:42:29 EDT 2019
