# Server version 0.08 running on mbp-giorgia-9:8123
# Game ID: 16
# Board class: pentago_swap.PentagoBoard
# Timeout: 2000
# First Move Timeout: 30000
# Date: Sat Apr 06 10:06:33 EDT 2019
# Player 1: Player-0, 'Human', running on mbp-giorgia-9
# Player 2: Player-1, '260721870', running on mbp-giorgia-9
START Player-0 Human
START Player-1 260721870
1 1 TL BR 0
0 1 TR BR 1
4 1 BL TL 0
3 3 TL TR 1
2 1 TL BR 0
1 5 BL BR 1
0 4 TR BL 0
3 3 TL BL 1
2 1 TR BL 0
5 4 BL BR 1
4 3 BR BL 0
3 1 TL TR 1
3 2 BL TL 0
1 3 BL BR 1
4 1 TR BL 0
GAMEOVER WINNER 0
# Game ended: Sat Apr 06 10:07:13 EDT 2019
