# Server version 0.08 running on mbp-giorgia-9:8123
# Game ID: 1168
# Board class: pentago_swap.PentagoBoard
# Timeout: 2000
# First Move Timeout: 30000
# Date: Wed Apr 10 10:44:14 EDT 2019
# Player 1: Player-0, '260721870', running on mbp-giorgia-9
# Player 2: Player-1, 'RandomPlayer', running on mbp-giorgia-9
START Player-0 260721870
START Player-1 RandomPlayer
1 1 TL BL 0
0 1 TL BR 1
4 4 TR BR 0
4 2 TR BR 1
3 0 TL BL 0
3 0 BL BR 1
2 2 BL BR 0
2 0 TL TR 1
3 3 TL TR 0
GAMEOVER WINNER 0
# Game ended: Wed Apr 10 10:44:14 EDT 2019
