# Server version 0.08 running on mbp-giorgia-9:8123
# Game ID: 19
# Board class: pentago_swap.PentagoBoard
# Timeout: 2000
# First Move Timeout: 30000
# Date: Sat Apr 06 10:55:27 EDT 2019
# Player 1: Player-0, 'Human', running on mbp-giorgia-9
# Player 2: Player-1, '260721870', running on mbp-giorgia-9
START Player-0 Human
START Player-1 260721870
1 1 TL TR 0
0 1 TR BR 1
3 4 BR TR 0
1 2 BL TL 1
2 4 TR TL 0
2 0 BL TL 1
2 1 TL TR 0
4 2 BL TL 1
3 1 BL TR 0
1 0 TL TR 1
1 1 TL BR 0
GAMEOVER WINNER 0
# Game ended: Sat Apr 06 10:56:06 EDT 2019
