# Server version 0.08 running on 142.157.58.209:8123
# Game ID: 585
# Board class: pentago_swap.PentagoBoard
# Timeout: 2000
# First Move Timeout: 30000
# Date: Mon Apr 08 14:27:54 EDT 2019
# Player 1: Player-0, 'RandomPlayer', running on 142.157.58.209
# Player 2: Player-1, '260721870', running on 142.157.58.209
START Player-0 RandomPlayer
START Player-1 260721870
2 4 TR BR 0
1 1 TL BL 1
1 4 TL TR 0
4 4 TR BR 1
3 3 TR BR 0
4 0 BL BR 1
3 0 TL BR 0
4 3 TL BL 1
1 4 TL BR 0
5 2 TR BL 1
4 2 TR BL 0
4 3 TR BR 1
2 0 TL BR 0
4 2 TL BL 1
GAMEOVER WINNER 1
# Game ended: Mon Apr 08 14:28:02 EDT 2019
