# Server version 0.08 running on mbp-giorgia-9:8123
# Game ID: 992
# Board class: pentago_swap.PentagoBoard
# Timeout: 2000
# First Move Timeout: 30000
# Date: Tue Apr 09 09:31:17 EDT 2019
# Player 1: Player-0, 'RandomPlayer', running on localhost
# Player 2: Player-1, '260721870', running on localhost
START Player-0 RandomPlayer
START Player-1 260721870
4 3 TR BL 0
1 1 TL BL 1
0 3 BL BR 0
4 1 TR BR 1
2 1 TR BL 0
0 4 TL TR 1
1 2 TL BR 0
3 1 TL BR 1
3 2 TL BR 0
5 1 TR BL 1
GAMEOVER WINNER 1
# Game ended: Tue Apr 09 09:31:17 EDT 2019
