# Server version 0.08 running on mbp-giorgia-9:8123
# Game ID: 681
# Board class: pentago_swap.PentagoBoard
# Timeout: 2000
# First Move Timeout: 30000
# Date: Mon Apr 08 21:01:30 EDT 2019
# Player 1: Player-0, 'Human', running on mbp-giorgia-9
# Player 2: Player-1, '260721870', running on mbp-giorgia-9
START Player-0 Human
START Player-1 260721870
1 1 TL BL 0
1 1 TL BL 1
1 4 TR TL 0
4 4 TR BR 1
2 2 TL BR 0
0 3 TL BR 1
3 3 BR TL 0
4 5 TL BR 1
0 0 TL BL 0
2 0 BL BR 1
4 2 BL BR 0
1 2 TR BL 1
4 3 BR BL 0
0 5 TR BR 1
4 3 TR TL 0
GAMEOVER WINNER 0
# Game ended: Mon Apr 08 21:02:02 EDT 2019
