# Server version 0.08 running on mbp-giorgia-9:8123
# Game ID: 656
# Board class: pentago_swap.PentagoBoard
# Timeout: 2000
# First Move Timeout: 30000
# Date: Mon Apr 08 19:02:42 EDT 2019
# Player 1: Player-0, 'Human', running on mbp-giorgia-9
# Player 2: Player-1, '260721870', running on mbp-giorgia-9
START Player-0 Human
START Player-1 260721870
1 1 TL BL 0
1 4 TL BR 1
4 2 BL TL 0
2 4 TL BL 1
4 0 BL TL 0
3 5 TL TR 1
4 2 BL TL 0
2 2 TL BL 1
4 1 BL TL 0
GAMEOVER WINNER 0
# Game ended: Mon Apr 08 19:03:06 EDT 2019
